The system is: Linux - 5.15.80-gentoo-x86_64 - x86_64
Compiling the C compiler identification source file "CMakeCCompilerId.c" succeeded.
Compiler: /usr/bin/cc 
Build flags: 
Id flags:  

The output was:
0


Compilation of the C compiler identification source "CMakeCCompilerId.c" produced "a.out"

The C compiler identification is GNU, found in "/home/amphyby/Documents/Spreadsheet/CMakeFiles/3.24.3/CompilerIdC/a.out"

Compiling the CXX compiler identification source file "CMakeCXXCompilerId.cpp" succeeded.
Compiler: /usr/bin/c++ 
Build flags: 
Id flags:  

The output was:
0


Compilation of the CXX compiler identification source "CMakeCXXCompilerId.cpp" produced "a.out"

The CXX compiler identification is GNU, found in "/home/amphyby/Documents/Spreadsheet/CMakeFiles/3.24.3/CompilerIdCXX/a.out"

Detecting C compiler ABI info compiled with the following output:
Change Dir: /home/amphyby/Documents/Spreadsheet/CMakeFiles/CMakeTmp

Run Build Command(s):/usr/bin/gmake -f Makefile cmTC_136cb/fast && /usr/bin/gmake  -f CMakeFiles/cmTC_136cb.dir/build.make CMakeFiles/cmTC_136cb.dir/build
gmake[1]: Entering directory '/home/amphyby/Documents/Spreadsheet/CMakeFiles/CMakeTmp'
Building C object CMakeFiles/cmTC_136cb.dir/CMakeCCompilerABI.c.o
/usr/bin/cc   -v -o CMakeFiles/cmTC_136cb.dir/CMakeCCompilerABI.c.o -c /usr/share/cmake/Modules/CMakeCCompilerABI.c
Using built-in specs.
COLLECT_GCC=/usr/bin/cc
Target: x86_64-pc-linux-gnu
Configured with: /var/tmp/portage/sys-devel/gcc-11.3.0/work/gcc-11.3.0/configure --host=x86_64-pc-linux-gnu --build=x86_64-pc-linux-gnu --prefix=/usr --bindir=/usr/x86_64-pc-linux-gnu/gcc-bin/11.3.0 --includedir=/usr/lib/gcc/x86_64-pc-linux-gnu/11.3.0/include --datadir=/usr/share/gcc-data/x86_64-pc-linux-gnu/11.3.0 --mandir=/usr/share/gcc-data/x86_64-pc-linux-gnu/11.3.0/man --infodir=/usr/share/gcc-data/x86_64-pc-linux-gnu/11.3.0/info --with-gxx-include-dir=/usr/lib/gcc/x86_64-pc-linux-gnu/11.3.0/include/g++-v11 --with-python-dir=/share/gcc-data/x86_64-pc-linux-gnu/11.3.0/python --enable-languages=c,c++,fortran --enable-obsolete --enable-secureplt --disable-werror --with-system-zlib --enable-nls --without-included-gettext --disable-libunwind-exceptions --enable-checking=release --with-bugurl=https://bugs.gentoo.org/ --with-pkgversion='Gentoo 11.3.0 p4' --disable-esp --enable-libstdcxx-time --disable-libstdcxx-pch --enable-shared --enable-threads=posix --enable-__cxa_atexit --enable-clocale=gnu --enable-multilib --with-multilib-list=m32,m64 --disable-fixed-point --enable-targets=all --enable-libgomp --disable-libssp --disable-libada --disable-cet --disable-systemtap --disable-valgrind-annotations --disable-vtable-verify --disable-libvtv --without-zstd --enable-lto --without-isl --enable-default-pie --enable-default-ssp
Thread model: posix
Supported LTO compression algorithms: zlib
gcc version 11.3.0 (Gentoo 11.3.0 p4) 
COLLECT_GCC_OPTIONS='-v' '-o' 'CMakeFiles/cmTC_136cb.dir/CMakeCCompilerABI.c.o' '-c' '-mtune=generic' '-march=x86-64' '-dumpdir' 'CMakeFiles/cmTC_136cb.dir/'
 /usr/libexec/gcc/x86_64-pc-linux-gnu/11.3.0/cc1 -quiet -v /usr/share/cmake/Modules/CMakeCCompilerABI.c -quiet -dumpdir CMakeFiles/cmTC_136cb.dir/ -dumpbase CMakeCCompilerABI.c.c -dumpbase-ext .c -mtune=generic -march=x86-64 -version -o /tmp/ccb8nnBq.s
GNU C17 (Gentoo 11.3.0 p4) version 11.3.0 (x86_64-pc-linux-gnu)
	compiled by GNU C version 11.3.0, GMP version 6.2.1, MPFR version 4.1.0-p13, MPC version 1.2.1, isl version none
GGC heuristics: --param ggc-min-expand=100 --param ggc-min-heapsize=131072
ignoring nonexistent directory "/usr/local/include"
ignoring nonexistent directory "/usr/lib/gcc/x86_64-pc-linux-gnu/11.3.0/../../../../x86_64-pc-linux-gnu/include"
#include "..." search starts here:
#include <...> search starts here:
 /usr/lib/gcc/x86_64-pc-linux-gnu/11.3.0/include
 /usr/lib/gcc/x86_64-pc-linux-gnu/11.3.0/include-fixed
 /usr/include
End of search list.
GNU C17 (Gentoo 11.3.0 p4) version 11.3.0 (x86_64-pc-linux-gnu)
	compiled by GNU C version 11.3.0, GMP version 6.2.1, MPFR version 4.1.0-p13, MPC version 1.2.1, isl version none
GGC heuristics: --param ggc-min-expand=100 --param ggc-min-heapsize=131072
Compiler executable checksum: 8067ad4f7fb80f80850f7ed0328033d6
COLLECT_GCC_OPTIONS='-v' '-o' 'CMakeFiles/cmTC_136cb.dir/CMakeCCompilerABI.c.o' '-c' '-mtune=generic' '-march=x86-64' '-dumpdir' 'CMakeFiles/cmTC_136cb.dir/'
 /usr/lib/gcc/x86_64-pc-linux-gnu/11.3.0/../../../../x86_64-pc-linux-gnu/bin/as -v --64 -o CMakeFiles/cmTC_136cb.dir/CMakeCCompilerABI.c.o /tmp/ccb8nnBq.s
GNU assembler version 2.38 (x86_64-pc-linux-gnu) using BFD version (Gentoo 2.38 p4) 2.38
COMPILER_PATH=/usr/libexec/gcc/x86_64-pc-linux-gnu/11.3.0/:/usr/libexec/gcc/x86_64-pc-linux-gnu/11.3.0/:/usr/libexec/gcc/x86_64-pc-linux-gnu/:/usr/lib/gcc/x86_64-pc-linux-gnu/11.3.0/:/usr/lib/gcc/x86_64-pc-linux-gnu/:/usr/lib/gcc/x86_64-pc-linux-gnu/11.3.0/../../../../x86_64-pc-linux-gnu/bin/
LIBRARY_PATH=/usr/lib/gcc/x86_64-pc-linux-gnu/11.3.0/:/usr/lib/gcc/x86_64-pc-linux-gnu/11.3.0/../../../../lib64/:/lib/../lib64/:/usr/lib/../lib64/:/usr/lib/gcc/x86_64-pc-linux-gnu/11.3.0/../../../../x86_64-pc-linux-gnu/lib/:/usr/lib/gcc/x86_64-pc-linux-gnu/11.3.0/../../../:/lib/:/usr/lib/
COLLECT_GCC_OPTIONS='-v' '-o' 'CMakeFiles/cmTC_136cb.dir/CMakeCCompilerABI.c.o' '-c' '-mtune=generic' '-march=x86-64' '-dumpdir' 'CMakeFiles/cmTC_136cb.dir/CMakeCCompilerABI.c.'
Linking C executable cmTC_136cb
/usr/bin/cmake -E cmake_link_script CMakeFiles/cmTC_136cb.dir/link.txt --verbose=1
/usr/bin/cc  -v CMakeFiles/cmTC_136cb.dir/CMakeCCompilerABI.c.o -o cmTC_136cb 
Using built-in specs.
COLLECT_GCC=/usr/bin/cc
COLLECT_LTO_WRAPPER=/usr/libexec/gcc/x86_64-pc-linux-gnu/11.3.0/lto-wrapper
Target: x86_64-pc-linux-gnu
Configured with: /var/tmp/portage/sys-devel/gcc-11.3.0/work/gcc-11.3.0/configure --host=x86_64-pc-linux-gnu --build=x86_64-pc-linux-gnu --prefix=/usr --bindir=/usr/x86_64-pc-linux-gnu/gcc-bin/11.3.0 --includedir=/usr/lib/gcc/x86_64-pc-linux-gnu/11.3.0/include --datadir=/usr/share/gcc-data/x86_64-pc-linux-gnu/11.3.0 --mandir=/usr/share/gcc-data/x86_64-pc-linux-gnu/11.3.0/man --infodir=/usr/share/gcc-data/x86_64-pc-linux-gnu/11.3.0/info --with-gxx-include-dir=/usr/lib/gcc/x86_64-pc-linux-gnu/11.3.0/include/g++-v11 --with-python-dir=/share/gcc-data/x86_64-pc-linux-gnu/11.3.0/python --enable-languages=c,c++,fortran --enable-obsolete --enable-secureplt --disable-werror --with-system-zlib --enable-nls --without-included-gettext --disable-libunwind-exceptions --enable-checking=release --with-bugurl=https://bugs.gentoo.org/ --with-pkgversion='Gentoo 11.3.0 p4' --disable-esp --enable-libstdcxx-time --disable-libstdcxx-pch --enable-shared --enable-threads=posix --enable-__cxa_atexit --enable-clocale=gnu --enable-multilib --with-multilib-list=m32,m64 --disable-fixed-point --enable-targets=all --enable-libgomp --disable-libssp --disable-libada --disable-cet --disable-systemtap --disable-valgrind-annotations --disable-vtable-verify --disable-libvtv --without-zstd --enable-lto --without-isl --enable-default-pie --enable-default-ssp
Thread model: posix
Supported LTO compression algorithms: zlib
gcc version 11.3.0 (Gentoo 11.3.0 p4) 
COMPILER_PATH=/usr/libexec/gcc/x86_64-pc-linux-gnu/11.3.0/:/usr/libexec/gcc/x86_64-pc-linux-gnu/11.3.0/:/usr/libexec/gcc/x86_64-pc-linux-gnu/:/usr/lib/gcc/x86_64-pc-linux-gnu/11.3.0/:/usr/lib/gcc/x86_64-pc-linux-gnu/:/usr/lib/gcc/x86_64-pc-linux-gnu/11.3.0/../../../../x86_64-pc-linux-gnu/bin/
LIBRARY_PATH=/usr/lib/gcc/x86_64-pc-linux-gnu/11.3.0/:/usr/lib/gcc/x86_64-pc-linux-gnu/11.3.0/../../../../lib64/:/lib/../lib64/:/usr/lib/../lib64/:/usr/lib/gcc/x86_64-pc-linux-gnu/11.3.0/../../../../x86_64-pc-linux-gnu/lib/:/usr/lib/gcc/x86_64-pc-linux-gnu/11.3.0/../../../:/lib/:/usr/lib/
COLLECT_GCC_OPTIONS='-v' '-o' 'cmTC_136cb' '-mtune=generic' '-march=x86-64' '-dumpdir' 'cmTC_136cb.'
 /usr/libexec/gcc/x86_64-pc-linux-gnu/11.3.0/collect2 -plugin /usr/libexec/gcc/x86_64-pc-linux-gnu/11.3.0/liblto_plugin.so -plugin-opt=/usr/libexec/gcc/x86_64-pc-linux-gnu/11.3.0/lto-wrapper -plugin-opt=-fresolution=/tmp/ccPj4UXz.res -plugin-opt=-pass-through=-lgcc -plugin-opt=-pass-through=-lgcc_s -plugin-opt=-pass-through=-lc -plugin-opt=-pass-through=-lgcc -plugin-opt=-pass-through=-lgcc_s --eh-frame-hdr -m elf_x86_64 -dynamic-linker /lib64/ld-linux-x86-64.so.2 -pie -o cmTC_136cb /usr/lib/gcc/x86_64-pc-linux-gnu/11.3.0/../../../../lib64/Scrt1.o /usr/lib/gcc/x86_64-pc-linux-gnu/11.3.0/../../../../lib64/crti.o /usr/lib/gcc/x86_64-pc-linux-gnu/11.3.0/crtbeginS.o -L/usr/lib/gcc/x86_64-pc-linux-gnu/11.3.0 -L/usr/lib/gcc/x86_64-pc-linux-gnu/11.3.0/../../../../lib64 -L/lib/../lib64 -L/usr/lib/../lib64 -L/usr/lib/gcc/x86_64-pc-linux-gnu/11.3.0/../../../../x86_64-pc-linux-gnu/lib -L/usr/lib/gcc/x86_64-pc-linux-gnu/11.3.0/../../.. CMakeFiles/cmTC_136cb.dir/CMakeCCompilerABI.c.o -lgcc --push-state --as-needed -lgcc_s --pop-state -lc -lgcc --push-state --as-needed -lgcc_s --pop-state /usr/lib/gcc/x86_64-pc-linux-gnu/11.3.0/crtendS.o /usr/lib/gcc/x86_64-pc-linux-gnu/11.3.0/../../../../lib64/crtn.o
COLLECT_GCC_OPTIONS='-v' '-o' 'cmTC_136cb' '-mtune=generic' '-march=x86-64' '-dumpdir' 'cmTC_136cb.'
gmake[1]: Leaving directory '/home/amphyby/Documents/Spreadsheet/CMakeFiles/CMakeTmp'



Parsed C implicit include dir info from above output: rv=done
  found start of include info
  found start of implicit include info
    add: [/usr/lib/gcc/x86_64-pc-linux-gnu/11.3.0/include]
    add: [/usr/lib/gcc/x86_64-pc-linux-gnu/11.3.0/include-fixed]
    add: [/usr/include]
  end of search list found
  collapse include dir [/usr/lib/gcc/x86_64-pc-linux-gnu/11.3.0/include] ==> [/usr/lib/gcc/x86_64-pc-linux-gnu/11.3.0/include]
  collapse include dir [/usr/lib/gcc/x86_64-pc-linux-gnu/11.3.0/include-fixed] ==> [/usr/lib/gcc/x86_64-pc-linux-gnu/11.3.0/include-fixed]
  collapse include dir [/usr/include] ==> [/usr/include]
  implicit include dirs: [/usr/lib/gcc/x86_64-pc-linux-gnu/11.3.0/include;/usr/lib/gcc/x86_64-pc-linux-gnu/11.3.0/include-fixed;/usr/include]


Parsed C implicit link information from above output:
  link line regex: [^( *|.*[/\])(ld|CMAKE_LINK_STARTFILE-NOTFOUND|([^/\]+-)?ld|collect2)[^/\]*( |$)]
  ignore line: [Change Dir: /home/amphyby/Documents/Spreadsheet/CMakeFiles/CMakeTmp]
  ignore line: []
  ignore line: [Run Build Command(s):/usr/bin/gmake -f Makefile cmTC_136cb/fast && /usr/bin/gmake  -f CMakeFiles/cmTC_136cb.dir/build.make CMakeFiles/cmTC_136cb.dir/build]
  ignore line: [gmake[1]: Entering directory '/home/amphyby/Documents/Spreadsheet/CMakeFiles/CMakeTmp']
  ignore line: [Building C object CMakeFiles/cmTC_136cb.dir/CMakeCCompilerABI.c.o]
  ignore line: [/usr/bin/cc   -v -o CMakeFiles/cmTC_136cb.dir/CMakeCCompilerABI.c.o -c /usr/share/cmake/Modules/CMakeCCompilerABI.c]
  ignore line: [Using built-in specs.]
  ignore line: [COLLECT_GCC=/usr/bin/cc]
  ignore line: [Target: x86_64-pc-linux-gnu]
  ignore line: [Configured with: /var/tmp/portage/sys-devel/gcc-11.3.0/work/gcc-11.3.0/configure --host=x86_64-pc-linux-gnu --build=x86_64-pc-linux-gnu --prefix=/usr --bindir=/usr/x86_64-pc-linux-gnu/gcc-bin/11.3.0 --includedir=/usr/lib/gcc/x86_64-pc-linux-gnu/11.3.0/include --datadir=/usr/share/gcc-data/x86_64-pc-linux-gnu/11.3.0 --mandir=/usr/share/gcc-data/x86_64-pc-linux-gnu/11.3.0/man --infodir=/usr/share/gcc-data/x86_64-pc-linux-gnu/11.3.0/info --with-gxx-include-dir=/usr/lib/gcc/x86_64-pc-linux-gnu/11.3.0/include/g++-v11 --with-python-dir=/share/gcc-data/x86_64-pc-linux-gnu/11.3.0/python --enable-languages=c c++ fortran --enable-obsolete --enable-secureplt --disable-werror --with-system-zlib --enable-nls --without-included-gettext --disable-libunwind-exceptions --enable-checking=release --with-bugurl=https://bugs.gentoo.org/ --with-pkgversion='Gentoo 11.3.0 p4' --disable-esp --enable-libstdcxx-time --disable-libstdcxx-pch --enable-shared --enable-threads=posix --enable-__cxa_atexit --enable-clocale=gnu --enable-multilib --with-multilib-list=m32 m64 --disable-fixed-point --enable-targets=all --enable-libgomp --disable-libssp --disable-libada --disable-cet --disable-systemtap --disable-valgrind-annotations --disable-vtable-verify --disable-libvtv --without-zstd --enable-lto --without-isl --enable-default-pie --enable-default-ssp]
  ignore line: [Thread model: posix]
  ignore line: [Supported LTO compression algorithms: zlib]
  ignore line: [gcc version 11.3.0 (Gentoo 11.3.0 p4) ]
  ignore line: [COLLECT_GCC_OPTIONS='-v' '-o' 'CMakeFiles/cmTC_136cb.dir/CMakeCCompilerABI.c.o' '-c' '-mtune=generic' '-march=x86-64' '-dumpdir' 'CMakeFiles/cmTC_136cb.dir/']
  ignore line: [ /usr/libexec/gcc/x86_64-pc-linux-gnu/11.3.0/cc1 -quiet -v /usr/share/cmake/Modules/CMakeCCompilerABI.c -quiet -dumpdir CMakeFiles/cmTC_136cb.dir/ -dumpbase CMakeCCompilerABI.c.c -dumpbase-ext .c -mtune=generic -march=x86-64 -version -o /tmp/ccb8nnBq.s]
  ignore line: [GNU C17 (Gentoo 11.3.0 p4) version 11.3.0 (x86_64-pc-linux-gnu)]
  ignore line: [	compiled by GNU C version 11.3.0  GMP version 6.2.1  MPFR version 4.1.0-p13  MPC version 1.2.1  isl version none]
  ignore line: [GGC heuristics: --param ggc-min-expand=100 --param ggc-min-heapsize=131072]
  ignore line: [ignoring nonexistent directory "/usr/local/include"]
  ignore line: [ignoring nonexistent directory "/usr/lib/gcc/x86_64-pc-linux-gnu/11.3.0/../../../../x86_64-pc-linux-gnu/include"]
  ignore line: [#include "..." search starts here:]
  ignore line: [#include <...> search starts here:]
  ignore line: [ /usr/lib/gcc/x86_64-pc-linux-gnu/11.3.0/include]
  ignore line: [ /usr/lib/gcc/x86_64-pc-linux-gnu/11.3.0/include-fixed]
  ignore line: [ /usr/include]
  ignore line: [End of search list.]
  ignore line: [GNU C17 (Gentoo 11.3.0 p4) version 11.3.0 (x86_64-pc-linux-gnu)]
  ignore line: [	compiled by GNU C version 11.3.0  GMP version 6.2.1  MPFR version 4.1.0-p13  MPC version 1.2.1  isl version none]
  ignore line: [GGC heuristics: --param ggc-min-expand=100 --param ggc-min-heapsize=131072]
  ignore line: [Compiler executable checksum: 8067ad4f7fb80f80850f7ed0328033d6]
  ignore line: [COLLECT_GCC_OPTIONS='-v' '-o' 'CMakeFiles/cmTC_136cb.dir/CMakeCCompilerABI.c.o' '-c' '-mtune=generic' '-march=x86-64' '-dumpdir' 'CMakeFiles/cmTC_136cb.dir/']
  ignore line: [ /usr/lib/gcc/x86_64-pc-linux-gnu/11.3.0/../../../../x86_64-pc-linux-gnu/bin/as -v --64 -o CMakeFiles/cmTC_136cb.dir/CMakeCCompilerABI.c.o /tmp/ccb8nnBq.s]
  ignore line: [GNU assembler version 2.38 (x86_64-pc-linux-gnu) using BFD version (Gentoo 2.38 p4) 2.38]
  ignore line: [COMPILER_PATH=/usr/libexec/gcc/x86_64-pc-linux-gnu/11.3.0/:/usr/libexec/gcc/x86_64-pc-linux-gnu/11.3.0/:/usr/libexec/gcc/x86_64-pc-linux-gnu/:/usr/lib/gcc/x86_64-pc-linux-gnu/11.3.0/:/usr/lib/gcc/x86_64-pc-linux-gnu/:/usr/lib/gcc/x86_64-pc-linux-gnu/11.3.0/../../../../x86_64-pc-linux-gnu/bin/]
  ignore line: [LIBRARY_PATH=/usr/lib/gcc/x86_64-pc-linux-gnu/11.3.0/:/usr/lib/gcc/x86_64-pc-linux-gnu/11.3.0/../../../../lib64/:/lib/../lib64/:/usr/lib/../lib64/:/usr/lib/gcc/x86_64-pc-linux-gnu/11.3.0/../../../../x86_64-pc-linux-gnu/lib/:/usr/lib/gcc/x86_64-pc-linux-gnu/11.3.0/../../../:/lib/:/usr/lib/]
  ignore line: [COLLECT_GCC_OPTIONS='-v' '-o' 'CMakeFiles/cmTC_136cb.dir/CMakeCCompilerABI.c.o' '-c' '-mtune=generic' '-march=x86-64' '-dumpdir' 'CMakeFiles/cmTC_136cb.dir/CMakeCCompilerABI.c.']
  ignore line: [Linking C executable cmTC_136cb]
  ignore line: [/usr/bin/cmake -E cmake_link_script CMakeFiles/cmTC_136cb.dir/link.txt --verbose=1]
  ignore line: [/usr/bin/cc  -v CMakeFiles/cmTC_136cb.dir/CMakeCCompilerABI.c.o -o cmTC_136cb ]
  ignore line: [Using built-in specs.]
  ignore line: [COLLECT_GCC=/usr/bin/cc]
  ignore line: [COLLECT_LTO_WRAPPER=/usr/libexec/gcc/x86_64-pc-linux-gnu/11.3.0/lto-wrapper]
  ignore line: [Target: x86_64-pc-linux-gnu]
  ignore line: [Configured with: /var/tmp/portage/sys-devel/gcc-11.3.0/work/gcc-11.3.0/configure --host=x86_64-pc-linux-gnu --build=x86_64-pc-linux-gnu --prefix=/usr --bindir=/usr/x86_64-pc-linux-gnu/gcc-bin/11.3.0 --includedir=/usr/lib/gcc/x86_64-pc-linux-gnu/11.3.0/include --datadir=/usr/share/gcc-data/x86_64-pc-linux-gnu/11.3.0 --mandir=/usr/share/gcc-data/x86_64-pc-linux-gnu/11.3.0/man --infodir=/usr/share/gcc-data/x86_64-pc-linux-gnu/11.3.0/info --with-gxx-include-dir=/usr/lib/gcc/x86_64-pc-linux-gnu/11.3.0/include/g++-v11 --with-python-dir=/share/gcc-data/x86_64-pc-linux-gnu/11.3.0/python --enable-languages=c c++ fortran --enable-obsolete --enable-secureplt --disable-werror --with-system-zlib --enable-nls --without-included-gettext --disable-libunwind-exceptions --enable-checking=release --with-bugurl=https://bugs.gentoo.org/ --with-pkgversion='Gentoo 11.3.0 p4' --disable-esp --enable-libstdcxx-time --disable-libstdcxx-pch --enable-shared --enable-threads=posix --enable-__cxa_atexit --enable-clocale=gnu --enable-multilib --with-multilib-list=m32 m64 --disable-fixed-point --enable-targets=all --enable-libgomp --disable-libssp --disable-libada --disable-cet --disable-systemtap --disable-valgrind-annotations --disable-vtable-verify --disable-libvtv --without-zstd --enable-lto --without-isl --enable-default-pie --enable-default-ssp]
  ignore line: [Thread model: posix]
  ignore line: [Supported LTO compression algorithms: zlib]
  ignore line: [gcc version 11.3.0 (Gentoo 11.3.0 p4) ]
  ignore line: [COMPILER_PATH=/usr/libexec/gcc/x86_64-pc-linux-gnu/11.3.0/:/usr/libexec/gcc/x86_64-pc-linux-gnu/11.3.0/:/usr/libexec/gcc/x86_64-pc-linux-gnu/:/usr/lib/gcc/x86_64-pc-linux-gnu/11.3.0/:/usr/lib/gcc/x86_64-pc-linux-gnu/:/usr/lib/gcc/x86_64-pc-linux-gnu/11.3.0/../../../../x86_64-pc-linux-gnu/bin/]
  ignore line: [LIBRARY_PATH=/usr/lib/gcc/x86_64-pc-linux-gnu/11.3.0/:/usr/lib/gcc/x86_64-pc-linux-gnu/11.3.0/../../../../lib64/:/lib/../lib64/:/usr/lib/../lib64/:/usr/lib/gcc/x86_64-pc-linux-gnu/11.3.0/../../../../x86_64-pc-linux-gnu/lib/:/usr/lib/gcc/x86_64-pc-linux-gnu/11.3.0/../../../:/lib/:/usr/lib/]
  ignore line: [COLLECT_GCC_OPTIONS='-v' '-o' 'cmTC_136cb' '-mtune=generic' '-march=x86-64' '-dumpdir' 'cmTC_136cb.']
  link line: [ /usr/libexec/gcc/x86_64-pc-linux-gnu/11.3.0/collect2 -plugin /usr/libexec/gcc/x86_64-pc-linux-gnu/11.3.0/liblto_plugin.so -plugin-opt=/usr/libexec/gcc/x86_64-pc-linux-gnu/11.3.0/lto-wrapper -plugin-opt=-fresolution=/tmp/ccPj4UXz.res -plugin-opt=-pass-through=-lgcc -plugin-opt=-pass-through=-lgcc_s -plugin-opt=-pass-through=-lc -plugin-opt=-pass-through=-lgcc -plugin-opt=-pass-through=-lgcc_s --eh-frame-hdr -m elf_x86_64 -dynamic-linker /lib64/ld-linux-x86-64.so.2 -pie -o cmTC_136cb /usr/lib/gcc/x86_64-pc-linux-gnu/11.3.0/../../../../lib64/Scrt1.o /usr/lib/gcc/x86_64-pc-linux-gnu/11.3.0/../../../../lib64/crti.o /usr/lib/gcc/x86_64-pc-linux-gnu/11.3.0/crtbeginS.o -L/usr/lib/gcc/x86_64-pc-linux-gnu/11.3.0 -L/usr/lib/gcc/x86_64-pc-linux-gnu/11.3.0/../../../../lib64 -L/lib/../lib64 -L/usr/lib/../lib64 -L/usr/lib/gcc/x86_64-pc-linux-gnu/11.3.0/../../../../x86_64-pc-linux-gnu/lib -L/usr/lib/gcc/x86_64-pc-linux-gnu/11.3.0/../../.. CMakeFiles/cmTC_136cb.dir/CMakeCCompilerABI.c.o -lgcc --push-state --as-needed -lgcc_s --pop-state -lc -lgcc --push-state --as-needed -lgcc_s --pop-state /usr/lib/gcc/x86_64-pc-linux-gnu/11.3.0/crtendS.o /usr/lib/gcc/x86_64-pc-linux-gnu/11.3.0/../../../../lib64/crtn.o]
    arg [/usr/libexec/gcc/x86_64-pc-linux-gnu/11.3.0/collect2] ==> ignore
    arg [-plugin] ==> ignore
    arg [/usr/libexec/gcc/x86_64-pc-linux-gnu/11.3.0/liblto_plugin.so] ==> ignore
    arg [-plugin-opt=/usr/libexec/gcc/x86_64-pc-linux-gnu/11.3.0/lto-wrapper] ==> ignore
    arg [-plugin-opt=-fresolution=/tmp/ccPj4UXz.res] ==> ignore
    arg [-plugin-opt=-pass-through=-lgcc] ==> ignore
    arg [-plugin-opt=-pass-through=-lgcc_s] ==> ignore
    arg [-plugin-opt=-pass-through=-lc] ==> ignore
    arg [-plugin-opt=-pass-through=-lgcc] ==> ignore
    arg [-plugin-opt=-pass-through=-lgcc_s] ==> ignore
    arg [--eh-frame-hdr] ==> ignore
    arg [-m] ==> ignore
    arg [elf_x86_64] ==> ignore
    arg [-dynamic-linker] ==> ignore
    arg [/lib64/ld-linux-x86-64.so.2] ==> ignore
    arg [-pie] ==> ignore
    arg [-o] ==> ignore
    arg [cmTC_136cb] ==> ignore
    arg [/usr/lib/gcc/x86_64-pc-linux-gnu/11.3.0/../../../../lib64/Scrt1.o] ==> obj [/usr/lib/gcc/x86_64-pc-linux-gnu/11.3.0/../../../../lib64/Scrt1.o]
    arg [/usr/lib/gcc/x86_64-pc-linux-gnu/11.3.0/../../../../lib64/crti.o] ==> obj [/usr/lib/gcc/x86_64-pc-linux-gnu/11.3.0/../../../../lib64/crti.o]
    arg [/usr/lib/gcc/x86_64-pc-linux-gnu/11.3.0/crtbeginS.o] ==> obj [/usr/lib/gcc/x86_64-pc-linux-gnu/11.3.0/crtbeginS.o]
    arg [-L/usr/lib/gcc/x86_64-pc-linux-gnu/11.3.0] ==> dir [/usr/lib/gcc/x86_64-pc-linux-gnu/11.3.0]
    arg [-L/usr/lib/gcc/x86_64-pc-linux-gnu/11.3.0/../../../../lib64] ==> dir [/usr/lib/gcc/x86_64-pc-linux-gnu/11.3.0/../../../../lib64]
    arg [-L/lib/../lib64] ==> dir [/lib/../lib64]
    arg [-L/usr/lib/../lib64] ==> dir [/usr/lib/../lib64]
    arg [-L/usr/lib/gcc/x86_64-pc-linux-gnu/11.3.0/../../../../x86_64-pc-linux-gnu/lib] ==> dir [/usr/lib/gcc/x86_64-pc-linux-gnu/11.3.0/../../../../x86_64-pc-linux-gnu/lib]
    arg [-L/usr/lib/gcc/x86_64-pc-linux-gnu/11.3.0/../../..] ==> dir [/usr/lib/gcc/x86_64-pc-linux-gnu/11.3.0/../../..]
    arg [CMakeFiles/cmTC_136cb.dir/CMakeCCompilerABI.c.o] ==> ignore
    arg [-lgcc] ==> lib [gcc]
    arg [--push-state] ==> ignore
    arg [--as-needed] ==> ignore
    arg [-lgcc_s] ==> lib [gcc_s]
    arg [--pop-state] ==> ignore
    arg [-lc] ==> lib [c]
    arg [-lgcc] ==> lib [gcc]
    arg [--push-state] ==> ignore
    arg [--as-needed] ==> ignore
    arg [-lgcc_s] ==> lib [gcc_s]
    arg [--pop-state] ==> ignore
    arg [/usr/lib/gcc/x86_64-pc-linux-gnu/11.3.0/crtendS.o] ==> obj [/usr/lib/gcc/x86_64-pc-linux-gnu/11.3.0/crtendS.o]
    arg [/usr/lib/gcc/x86_64-pc-linux-gnu/11.3.0/../../../../lib64/crtn.o] ==> obj [/usr/lib/gcc/x86_64-pc-linux-gnu/11.3.0/../../../../lib64/crtn.o]
  collapse obj [/usr/lib/gcc/x86_64-pc-linux-gnu/11.3.0/../../../../lib64/Scrt1.o] ==> [/usr/lib64/Scrt1.o]
  collapse obj [/usr/lib/gcc/x86_64-pc-linux-gnu/11.3.0/../../../../lib64/crti.o] ==> [/usr/lib64/crti.o]
  collapse obj [/usr/lib/gcc/x86_64-pc-linux-gnu/11.3.0/../../../../lib64/crtn.o] ==> [/usr/lib64/crtn.o]
  collapse library dir [/usr/lib/gcc/x86_64-pc-linux-gnu/11.3.0] ==> [/usr/lib/gcc/x86_64-pc-linux-gnu/11.3.0]
  collapse library dir [/usr/lib/gcc/x86_64-pc-linux-gnu/11.3.0/../../../../lib64] ==> [/usr/lib64]
  collapse library dir [/lib/../lib64] ==> [/lib64]
  collapse library dir [/usr/lib/../lib64] ==> [/usr/lib64]
  collapse library dir [/usr/lib/gcc/x86_64-pc-linux-gnu/11.3.0/../../../../x86_64-pc-linux-gnu/lib] ==> [/usr/x86_64-pc-linux-gnu/lib]
  collapse library dir [/usr/lib/gcc/x86_64-pc-linux-gnu/11.3.0/../../..] ==> [/usr/lib]
  implicit libs: [gcc;gcc_s;c;gcc;gcc_s]
  implicit objs: [/usr/lib64/Scrt1.o;/usr/lib64/crti.o;/usr/lib/gcc/x86_64-pc-linux-gnu/11.3.0/crtbeginS.o;/usr/lib/gcc/x86_64-pc-linux-gnu/11.3.0/crtendS.o;/usr/lib64/crtn.o]
  implicit dirs: [/usr/lib/gcc/x86_64-pc-linux-gnu/11.3.0;/usr/lib64;/lib64;/usr/x86_64-pc-linux-gnu/lib;/usr/lib]
  implicit fwks: []


Detecting CXX compiler ABI info compiled with the following output:
Change Dir: /home/amphyby/Documents/Spreadsheet/CMakeFiles/CMakeTmp

Run Build Command(s):/usr/bin/gmake -f Makefile cmTC_39091/fast && /usr/bin/gmake  -f CMakeFiles/cmTC_39091.dir/build.make CMakeFiles/cmTC_39091.dir/build
gmake[1]: Entering directory '/home/amphyby/Documents/Spreadsheet/CMakeFiles/CMakeTmp'
Building CXX object CMakeFiles/cmTC_39091.dir/CMakeCXXCompilerABI.cpp.o
/usr/bin/c++   -v -o CMakeFiles/cmTC_39091.dir/CMakeCXXCompilerABI.cpp.o -c /usr/share/cmake/Modules/CMakeCXXCompilerABI.cpp
Using built-in specs.
COLLECT_GCC=/usr/bin/c++
Target: x86_64-pc-linux-gnu
Configured with: /var/tmp/portage/sys-devel/gcc-11.3.0/work/gcc-11.3.0/configure --host=x86_64-pc-linux-gnu --build=x86_64-pc-linux-gnu --prefix=/usr --bindir=/usr/x86_64-pc-linux-gnu/gcc-bin/11.3.0 --includedir=/usr/lib/gcc/x86_64-pc-linux-gnu/11.3.0/include --datadir=/usr/share/gcc-data/x86_64-pc-linux-gnu/11.3.0 --mandir=/usr/share/gcc-data/x86_64-pc-linux-gnu/11.3.0/man --infodir=/usr/share/gcc-data/x86_64-pc-linux-gnu/11.3.0/info --with-gxx-include-dir=/usr/lib/gcc/x86_64-pc-linux-gnu/11.3.0/include/g++-v11 --with-python-dir=/share/gcc-data/x86_64-pc-linux-gnu/11.3.0/python --enable-languages=c,c++,fortran --enable-obsolete --enable-secureplt --disable-werror --with-system-zlib --enable-nls --without-included-gettext --disable-libunwind-exceptions --enable-checking=release --with-bugurl=https://bugs.gentoo.org/ --with-pkgversion='Gentoo 11.3.0 p4' --disable-esp --enable-libstdcxx-time --disable-libstdcxx-pch --enable-shared --enable-threads=posix --enable-__cxa_atexit --enable-clocale=gnu --enable-multilib --with-multilib-list=m32,m64 --disable-fixed-point --enable-targets=all --enable-libgomp --disable-libssp --disable-libada --disable-cet --disable-systemtap --disable-valgrind-annotations --disable-vtable-verify --disable-libvtv --without-zstd --enable-lto --without-isl --enable-default-pie --enable-default-ssp
Thread model: posix
Supported LTO compression algorithms: zlib
gcc version 11.3.0 (Gentoo 11.3.0 p4) 
COLLECT_GCC_OPTIONS='-v' '-o' 'CMakeFiles/cmTC_39091.dir/CMakeCXXCompilerABI.cpp.o' '-c' '-shared-libgcc' '-mtune=generic' '-march=x86-64' '-dumpdir' 'CMakeFiles/cmTC_39091.dir/'
 /usr/libexec/gcc/x86_64-pc-linux-gnu/11.3.0/cc1plus -quiet -v -D_GNU_SOURCE /usr/share/cmake/Modules/CMakeCXXCompilerABI.cpp -quiet -dumpdir CMakeFiles/cmTC_39091.dir/ -dumpbase CMakeCXXCompilerABI.cpp.cpp -dumpbase-ext .cpp -mtune=generic -march=x86-64 -version -o /tmp/ccBql49o.s
GNU C++17 (Gentoo 11.3.0 p4) version 11.3.0 (x86_64-pc-linux-gnu)
	compiled by GNU C version 11.3.0, GMP version 6.2.1, MPFR version 4.1.0-p13, MPC version 1.2.1, isl version none
GGC heuristics: --param ggc-min-expand=100 --param ggc-min-heapsize=131072
ignoring nonexistent directory "/usr/local/include"
ignoring nonexistent directory "/usr/lib/gcc/x86_64-pc-linux-gnu/11.3.0/../../../../x86_64-pc-linux-gnu/include"
#include "..." search starts here:
#include <...> search starts here:
 /usr/lib/gcc/x86_64-pc-linux-gnu/11.3.0/include/g++-v11
 /usr/lib/gcc/x86_64-pc-linux-gnu/11.3.0/include/g++-v11/x86_64-pc-linux-gnu
 /usr/lib/gcc/x86_64-pc-linux-gnu/11.3.0/include/g++-v11/backward
 /usr/lib/gcc/x86_64-pc-linux-gnu/11.3.0/include
 /usr/lib/gcc/x86_64-pc-linux-gnu/11.3.0/include-fixed
 /usr/include
End of search list.
GNU C++17 (Gentoo 11.3.0 p4) version 11.3.0 (x86_64-pc-linux-gnu)
	compiled by GNU C version 11.3.0, GMP version 6.2.1, MPFR version 4.1.0-p13, MPC version 1.2.1, isl version none
GGC heuristics: --param ggc-min-expand=100 --param ggc-min-heapsize=131072
Compiler executable checksum: 471bca756d7dd94e2f8d205dc5501f36
COLLECT_GCC_OPTIONS='-v' '-o' 'CMakeFiles/cmTC_39091.dir/CMakeCXXCompilerABI.cpp.o' '-c' '-shared-libgcc' '-mtune=generic' '-march=x86-64' '-dumpdir' 'CMakeFiles/cmTC_39091.dir/'
 /usr/lib/gcc/x86_64-pc-linux-gnu/11.3.0/../../../../x86_64-pc-linux-gnu/bin/as -v --64 -o CMakeFiles/cmTC_39091.dir/CMakeCXXCompilerABI.cpp.o /tmp/ccBql49o.s
GNU assembler version 2.38 (x86_64-pc-linux-gnu) using BFD version (Gentoo 2.38 p4) 2.38
COMPILER_PATH=/usr/libexec/gcc/x86_64-pc-linux-gnu/11.3.0/:/usr/libexec/gcc/x86_64-pc-linux-gnu/11.3.0/:/usr/libexec/gcc/x86_64-pc-linux-gnu/:/usr/lib/gcc/x86_64-pc-linux-gnu/11.3.0/:/usr/lib/gcc/x86_64-pc-linux-gnu/:/usr/lib/gcc/x86_64-pc-linux-gnu/11.3.0/../../../../x86_64-pc-linux-gnu/bin/
LIBRARY_PATH=/usr/lib/gcc/x86_64-pc-linux-gnu/11.3.0/:/usr/lib/gcc/x86_64-pc-linux-gnu/11.3.0/../../../../lib64/:/lib/../lib64/:/usr/lib/../lib64/:/usr/lib/gcc/x86_64-pc-linux-gnu/11.3.0/../../../../x86_64-pc-linux-gnu/lib/:/usr/lib/gcc/x86_64-pc-linux-gnu/11.3.0/../../../:/lib/:/usr/lib/
COLLECT_GCC_OPTIONS='-v' '-o' 'CMakeFiles/cmTC_39091.dir/CMakeCXXCompilerABI.cpp.o' '-c' '-shared-libgcc' '-mtune=generic' '-march=x86-64' '-dumpdir' 'CMakeFiles/cmTC_39091.dir/CMakeCXXCompilerABI.cpp.'
Linking CXX executable cmTC_39091
/usr/bin/cmake -E cmake_link_script CMakeFiles/cmTC_39091.dir/link.txt --verbose=1
/usr/bin/c++  -v CMakeFiles/cmTC_39091.dir/CMakeCXXCompilerABI.cpp.o -o cmTC_39091 
Using built-in specs.
COLLECT_GCC=/usr/bin/c++
COLLECT_LTO_WRAPPER=/usr/libexec/gcc/x86_64-pc-linux-gnu/11.3.0/lto-wrapper
Target: x86_64-pc-linux-gnu
Configured with: /var/tmp/portage/sys-devel/gcc-11.3.0/work/gcc-11.3.0/configure --host=x86_64-pc-linux-gnu --build=x86_64-pc-linux-gnu --prefix=/usr --bindir=/usr/x86_64-pc-linux-gnu/gcc-bin/11.3.0 --includedir=/usr/lib/gcc/x86_64-pc-linux-gnu/11.3.0/include --datadir=/usr/share/gcc-data/x86_64-pc-linux-gnu/11.3.0 --mandir=/usr/share/gcc-data/x86_64-pc-linux-gnu/11.3.0/man --infodir=/usr/share/gcc-data/x86_64-pc-linux-gnu/11.3.0/info --with-gxx-include-dir=/usr/lib/gcc/x86_64-pc-linux-gnu/11.3.0/include/g++-v11 --with-python-dir=/share/gcc-data/x86_64-pc-linux-gnu/11.3.0/python --enable-languages=c,c++,fortran --enable-obsolete --enable-secureplt --disable-werror --with-system-zlib --enable-nls --without-included-gettext --disable-libunwind-exceptions --enable-checking=release --with-bugurl=https://bugs.gentoo.org/ --with-pkgversion='Gentoo 11.3.0 p4' --disable-esp --enable-libstdcxx-time --disable-libstdcxx-pch --enable-shared --enable-threads=posix --enable-__cxa_atexit --enable-clocale=gnu --enable-multilib --with-multilib-list=m32,m64 --disable-fixed-point --enable-targets=all --enable-libgomp --disable-libssp --disable-libada --disable-cet --disable-systemtap --disable-valgrind-annotations --disable-vtable-verify --disable-libvtv --without-zstd --enable-lto --without-isl --enable-default-pie --enable-default-ssp
Thread model: posix
Supported LTO compression algorithms: zlib
gcc version 11.3.0 (Gentoo 11.3.0 p4) 
COMPILER_PATH=/usr/libexec/gcc/x86_64-pc-linux-gnu/11.3.0/:/usr/libexec/gcc/x86_64-pc-linux-gnu/11.3.0/:/usr/libexec/gcc/x86_64-pc-linux-gnu/:/usr/lib/gcc/x86_64-pc-linux-gnu/11.3.0/:/usr/lib/gcc/x86_64-pc-linux-gnu/:/usr/lib/gcc/x86_64-pc-linux-gnu/11.3.0/../../../../x86_64-pc-linux-gnu/bin/
LIBRARY_PATH=/usr/lib/gcc/x86_64-pc-linux-gnu/11.3.0/:/usr/lib/gcc/x86_64-pc-linux-gnu/11.3.0/../../../../lib64/:/lib/../lib64/:/usr/lib/../lib64/:/usr/lib/gcc/x86_64-pc-linux-gnu/11.3.0/../../../../x86_64-pc-linux-gnu/lib/:/usr/lib/gcc/x86_64-pc-linux-gnu/11.3.0/../../../:/lib/:/usr/lib/
COLLECT_GCC_OPTIONS='-v' '-o' 'cmTC_39091' '-shared-libgcc' '-mtune=generic' '-march=x86-64' '-dumpdir' 'cmTC_39091.'
 /usr/libexec/gcc/x86_64-pc-linux-gnu/11.3.0/collect2 -plugin /usr/libexec/gcc/x86_64-pc-linux-gnu/11.3.0/liblto_plugin.so -plugin-opt=/usr/libexec/gcc/x86_64-pc-linux-gnu/11.3.0/lto-wrapper -plugin-opt=-fresolution=/tmp/ccUQJBqJ.res -plugin-opt=-pass-through=-lgcc_s -plugin-opt=-pass-through=-lgcc -plugin-opt=-pass-through=-lc -plugin-opt=-pass-through=-lgcc_s -plugin-opt=-pass-through=-lgcc --eh-frame-hdr -m elf_x86_64 -dynamic-linker /lib64/ld-linux-x86-64.so.2 -pie -o cmTC_39091 /usr/lib/gcc/x86_64-pc-linux-gnu/11.3.0/../../../../lib64/Scrt1.o /usr/lib/gcc/x86_64-pc-linux-gnu/11.3.0/../../../../lib64/crti.o /usr/lib/gcc/x86_64-pc-linux-gnu/11.3.0/crtbeginS.o -L/usr/lib/gcc/x86_64-pc-linux-gnu/11.3.0 -L/usr/lib/gcc/x86_64-pc-linux-gnu/11.3.0/../../../../lib64 -L/lib/../lib64 -L/usr/lib/../lib64 -L/usr/lib/gcc/x86_64-pc-linux-gnu/11.3.0/../../../../x86_64-pc-linux-gnu/lib -L/usr/lib/gcc/x86_64-pc-linux-gnu/11.3.0/../../.. CMakeFiles/cmTC_39091.dir/CMakeCXXCompilerABI.cpp.o -lstdc++ -lm -lgcc_s -lgcc -lc -lgcc_s -lgcc /usr/lib/gcc/x86_64-pc-linux-gnu/11.3.0/crtendS.o /usr/lib/gcc/x86_64-pc-linux-gnu/11.3.0/../../../../lib64/crtn.o
COLLECT_GCC_OPTIONS='-v' '-o' 'cmTC_39091' '-shared-libgcc' '-mtune=generic' '-march=x86-64' '-dumpdir' 'cmTC_39091.'
gmake[1]: Leaving directory '/home/amphyby/Documents/Spreadsheet/CMakeFiles/CMakeTmp'



Parsed CXX implicit include dir info from above output: rv=done
  found start of include info
  found start of implicit include info
    add: [/usr/lib/gcc/x86_64-pc-linux-gnu/11.3.0/include/g++-v11]
    add: [/usr/lib/gcc/x86_64-pc-linux-gnu/11.3.0/include/g++-v11/x86_64-pc-linux-gnu]
    add: [/usr/lib/gcc/x86_64-pc-linux-gnu/11.3.0/include/g++-v11/backward]
    add: [/usr/lib/gcc/x86_64-pc-linux-gnu/11.3.0/include]
    add: [/usr/lib/gcc/x86_64-pc-linux-gnu/11.3.0/include-fixed]
    add: [/usr/include]
  end of search list found
  collapse include dir [/usr/lib/gcc/x86_64-pc-linux-gnu/11.3.0/include/g++-v11] ==> [/usr/lib/gcc/x86_64-pc-linux-gnu/11.3.0/include/g++-v11]
  collapse include dir [/usr/lib/gcc/x86_64-pc-linux-gnu/11.3.0/include/g++-v11/x86_64-pc-linux-gnu] ==> [/usr/lib/gcc/x86_64-pc-linux-gnu/11.3.0/include/g++-v11/x86_64-pc-linux-gnu]
  collapse include dir [/usr/lib/gcc/x86_64-pc-linux-gnu/11.3.0/include/g++-v11/backward] ==> [/usr/lib/gcc/x86_64-pc-linux-gnu/11.3.0/include/g++-v11/backward]
  collapse include dir [/usr/lib/gcc/x86_64-pc-linux-gnu/11.3.0/include] ==> [/usr/lib/gcc/x86_64-pc-linux-gnu/11.3.0/include]
  collapse include dir [/usr/lib/gcc/x86_64-pc-linux-gnu/11.3.0/include-fixed] ==> [/usr/lib/gcc/x86_64-pc-linux-gnu/11.3.0/include-fixed]
  collapse include dir [/usr/include] ==> [/usr/include]
  implicit include dirs: [/usr/lib/gcc/x86_64-pc-linux-gnu/11.3.0/include/g++-v11;/usr/lib/gcc/x86_64-pc-linux-gnu/11.3.0/include/g++-v11/x86_64-pc-linux-gnu;/usr/lib/gcc/x86_64-pc-linux-gnu/11.3.0/include/g++-v11/backward;/usr/lib/gcc/x86_64-pc-linux-gnu/11.3.0/include;/usr/lib/gcc/x86_64-pc-linux-gnu/11.3.0/include-fixed;/usr/include]


Parsed CXX implicit link information from above output:
  link line regex: [^( *|.*[/\])(ld|CMAKE_LINK_STARTFILE-NOTFOUND|([^/\]+-)?ld|collect2)[^/\]*( |$)]
  ignore line: [Change Dir: /home/amphyby/Documents/Spreadsheet/CMakeFiles/CMakeTmp]
  ignore line: []
  ignore line: [Run Build Command(s):/usr/bin/gmake -f Makefile cmTC_39091/fast && /usr/bin/gmake  -f CMakeFiles/cmTC_39091.dir/build.make CMakeFiles/cmTC_39091.dir/build]
  ignore line: [gmake[1]: Entering directory '/home/amphyby/Documents/Spreadsheet/CMakeFiles/CMakeTmp']
  ignore line: [Building CXX object CMakeFiles/cmTC_39091.dir/CMakeCXXCompilerABI.cpp.o]
  ignore line: [/usr/bin/c++   -v -o CMakeFiles/cmTC_39091.dir/CMakeCXXCompilerABI.cpp.o -c /usr/share/cmake/Modules/CMakeCXXCompilerABI.cpp]
  ignore line: [Using built-in specs.]
  ignore line: [COLLECT_GCC=/usr/bin/c++]
  ignore line: [Target: x86_64-pc-linux-gnu]
  ignore line: [Configured with: /var/tmp/portage/sys-devel/gcc-11.3.0/work/gcc-11.3.0/configure --host=x86_64-pc-linux-gnu --build=x86_64-pc-linux-gnu --prefix=/usr --bindir=/usr/x86_64-pc-linux-gnu/gcc-bin/11.3.0 --includedir=/usr/lib/gcc/x86_64-pc-linux-gnu/11.3.0/include --datadir=/usr/share/gcc-data/x86_64-pc-linux-gnu/11.3.0 --mandir=/usr/share/gcc-data/x86_64-pc-linux-gnu/11.3.0/man --infodir=/usr/share/gcc-data/x86_64-pc-linux-gnu/11.3.0/info --with-gxx-include-dir=/usr/lib/gcc/x86_64-pc-linux-gnu/11.3.0/include/g++-v11 --with-python-dir=/share/gcc-data/x86_64-pc-linux-gnu/11.3.0/python --enable-languages=c c++ fortran --enable-obsolete --enable-secureplt --disable-werror --with-system-zlib --enable-nls --without-included-gettext --disable-libunwind-exceptions --enable-checking=release --with-bugurl=https://bugs.gentoo.org/ --with-pkgversion='Gentoo 11.3.0 p4' --disable-esp --enable-libstdcxx-time --disable-libstdcxx-pch --enable-shared --enable-threads=posix --enable-__cxa_atexit --enable-clocale=gnu --enable-multilib --with-multilib-list=m32 m64 --disable-fixed-point --enable-targets=all --enable-libgomp --disable-libssp --disable-libada --disable-cet --disable-systemtap --disable-valgrind-annotations --disable-vtable-verify --disable-libvtv --without-zstd --enable-lto --without-isl --enable-default-pie --enable-default-ssp]
  ignore line: [Thread model: posix]
  ignore line: [Supported LTO compression algorithms: zlib]
  ignore line: [gcc version 11.3.0 (Gentoo 11.3.0 p4) ]
  ignore line: [COLLECT_GCC_OPTIONS='-v' '-o' 'CMakeFiles/cmTC_39091.dir/CMakeCXXCompilerABI.cpp.o' '-c' '-shared-libgcc' '-mtune=generic' '-march=x86-64' '-dumpdir' 'CMakeFiles/cmTC_39091.dir/']
  ignore line: [ /usr/libexec/gcc/x86_64-pc-linux-gnu/11.3.0/cc1plus -quiet -v -D_GNU_SOURCE /usr/share/cmake/Modules/CMakeCXXCompilerABI.cpp -quiet -dumpdir CMakeFiles/cmTC_39091.dir/ -dumpbase CMakeCXXCompilerABI.cpp.cpp -dumpbase-ext .cpp -mtune=generic -march=x86-64 -version -o /tmp/ccBql49o.s]
  ignore line: [GNU C++17 (Gentoo 11.3.0 p4) version 11.3.0 (x86_64-pc-linux-gnu)]
  ignore line: [	compiled by GNU C version 11.3.0  GMP version 6.2.1  MPFR version 4.1.0-p13  MPC version 1.2.1  isl version none]
  ignore line: [GGC heuristics: --param ggc-min-expand=100 --param ggc-min-heapsize=131072]
  ignore line: [ignoring nonexistent directory "/usr/local/include"]
  ignore line: [ignoring nonexistent directory "/usr/lib/gcc/x86_64-pc-linux-gnu/11.3.0/../../../../x86_64-pc-linux-gnu/include"]
  ignore line: [#include "..." search starts here:]
  ignore line: [#include <...> search starts here:]
  ignore line: [ /usr/lib/gcc/x86_64-pc-linux-gnu/11.3.0/include/g++-v11]
  ignore line: [ /usr/lib/gcc/x86_64-pc-linux-gnu/11.3.0/include/g++-v11/x86_64-pc-linux-gnu]
  ignore line: [ /usr/lib/gcc/x86_64-pc-linux-gnu/11.3.0/include/g++-v11/backward]
  ignore line: [ /usr/lib/gcc/x86_64-pc-linux-gnu/11.3.0/include]
  ignore line: [ /usr/lib/gcc/x86_64-pc-linux-gnu/11.3.0/include-fixed]
  ignore line: [ /usr/include]
  ignore line: [End of search list.]
  ignore line: [GNU C++17 (Gentoo 11.3.0 p4) version 11.3.0 (x86_64-pc-linux-gnu)]
  ignore line: [	compiled by GNU C version 11.3.0  GMP version 6.2.1  MPFR version 4.1.0-p13  MPC version 1.2.1  isl version none]
  ignore line: [GGC heuristics: --param ggc-min-expand=100 --param ggc-min-heapsize=131072]
  ignore line: [Compiler executable checksum: 471bca756d7dd94e2f8d205dc5501f36]
  ignore line: [COLLECT_GCC_OPTIONS='-v' '-o' 'CMakeFiles/cmTC_39091.dir/CMakeCXXCompilerABI.cpp.o' '-c' '-shared-libgcc' '-mtune=generic' '-march=x86-64' '-dumpdir' 'CMakeFiles/cmTC_39091.dir/']
  ignore line: [ /usr/lib/gcc/x86_64-pc-linux-gnu/11.3.0/../../../../x86_64-pc-linux-gnu/bin/as -v --64 -o CMakeFiles/cmTC_39091.dir/CMakeCXXCompilerABI.cpp.o /tmp/ccBql49o.s]
  ignore line: [GNU assembler version 2.38 (x86_64-pc-linux-gnu) using BFD version (Gentoo 2.38 p4) 2.38]
  ignore line: [COMPILER_PATH=/usr/libexec/gcc/x86_64-pc-linux-gnu/11.3.0/:/usr/libexec/gcc/x86_64-pc-linux-gnu/11.3.0/:/usr/libexec/gcc/x86_64-pc-linux-gnu/:/usr/lib/gcc/x86_64-pc-linux-gnu/11.3.0/:/usr/lib/gcc/x86_64-pc-linux-gnu/:/usr/lib/gcc/x86_64-pc-linux-gnu/11.3.0/../../../../x86_64-pc-linux-gnu/bin/]
  ignore line: [LIBRARY_PATH=/usr/lib/gcc/x86_64-pc-linux-gnu/11.3.0/:/usr/lib/gcc/x86_64-pc-linux-gnu/11.3.0/../../../../lib64/:/lib/../lib64/:/usr/lib/../lib64/:/usr/lib/gcc/x86_64-pc-linux-gnu/11.3.0/../../../../x86_64-pc-linux-gnu/lib/:/usr/lib/gcc/x86_64-pc-linux-gnu/11.3.0/../../../:/lib/:/usr/lib/]
  ignore line: [COLLECT_GCC_OPTIONS='-v' '-o' 'CMakeFiles/cmTC_39091.dir/CMakeCXXCompilerABI.cpp.o' '-c' '-shared-libgcc' '-mtune=generic' '-march=x86-64' '-dumpdir' 'CMakeFiles/cmTC_39091.dir/CMakeCXXCompilerABI.cpp.']
  ignore line: [Linking CXX executable cmTC_39091]
  ignore line: [/usr/bin/cmake -E cmake_link_script CMakeFiles/cmTC_39091.dir/link.txt --verbose=1]
  ignore line: [/usr/bin/c++  -v CMakeFiles/cmTC_39091.dir/CMakeCXXCompilerABI.cpp.o -o cmTC_39091 ]
  ignore line: [Using built-in specs.]
  ignore line: [COLLECT_GCC=/usr/bin/c++]
  ignore line: [COLLECT_LTO_WRAPPER=/usr/libexec/gcc/x86_64-pc-linux-gnu/11.3.0/lto-wrapper]
  ignore line: [Target: x86_64-pc-linux-gnu]
  ignore line: [Configured with: /var/tmp/portage/sys-devel/gcc-11.3.0/work/gcc-11.3.0/configure --host=x86_64-pc-linux-gnu --build=x86_64-pc-linux-gnu --prefix=/usr --bindir=/usr/x86_64-pc-linux-gnu/gcc-bin/11.3.0 --includedir=/usr/lib/gcc/x86_64-pc-linux-gnu/11.3.0/include --datadir=/usr/share/gcc-data/x86_64-pc-linux-gnu/11.3.0 --mandir=/usr/share/gcc-data/x86_64-pc-linux-gnu/11.3.0/man --infodir=/usr/share/gcc-data/x86_64-pc-linux-gnu/11.3.0/info --with-gxx-include-dir=/usr/lib/gcc/x86_64-pc-linux-gnu/11.3.0/include/g++-v11 --with-python-dir=/share/gcc-data/x86_64-pc-linux-gnu/11.3.0/python --enable-languages=c c++ fortran --enable-obsolete --enable-secureplt --disable-werror --with-system-zlib --enable-nls --without-included-gettext --disable-libunwind-exceptions --enable-checking=release --with-bugurl=https://bugs.gentoo.org/ --with-pkgversion='Gentoo 11.3.0 p4' --disable-esp --enable-libstdcxx-time --disable-libstdcxx-pch --enable-shared --enable-threads=posix --enable-__cxa_atexit --enable-clocale=gnu --enable-multilib --with-multilib-list=m32 m64 --disable-fixed-point --enable-targets=all --enable-libgomp --disable-libssp --disable-libada --disable-cet --disable-systemtap --disable-valgrind-annotations --disable-vtable-verify --disable-libvtv --without-zstd --enable-lto --without-isl --enable-default-pie --enable-default-ssp]
  ignore line: [Thread model: posix]
  ignore line: [Supported LTO compression algorithms: zlib]
  ignore line: [gcc version 11.3.0 (Gentoo 11.3.0 p4) ]
  ignore line: [COMPILER_PATH=/usr/libexec/gcc/x86_64-pc-linux-gnu/11.3.0/:/usr/libexec/gcc/x86_64-pc-linux-gnu/11.3.0/:/usr/libexec/gcc/x86_64-pc-linux-gnu/:/usr/lib/gcc/x86_64-pc-linux-gnu/11.3.0/:/usr/lib/gcc/x86_64-pc-linux-gnu/:/usr/lib/gcc/x86_64-pc-linux-gnu/11.3.0/../../../../x86_64-pc-linux-gnu/bin/]
  ignore line: [LIBRARY_PATH=/usr/lib/gcc/x86_64-pc-linux-gnu/11.3.0/:/usr/lib/gcc/x86_64-pc-linux-gnu/11.3.0/../../../../lib64/:/lib/../lib64/:/usr/lib/../lib64/:/usr/lib/gcc/x86_64-pc-linux-gnu/11.3.0/../../../../x86_64-pc-linux-gnu/lib/:/usr/lib/gcc/x86_64-pc-linux-gnu/11.3.0/../../../:/lib/:/usr/lib/]
  ignore line: [COLLECT_GCC_OPTIONS='-v' '-o' 'cmTC_39091' '-shared-libgcc' '-mtune=generic' '-march=x86-64' '-dumpdir' 'cmTC_39091.']
  link line: [ /usr/libexec/gcc/x86_64-pc-linux-gnu/11.3.0/collect2 -plugin /usr/libexec/gcc/x86_64-pc-linux-gnu/11.3.0/liblto_plugin.so -plugin-opt=/usr/libexec/gcc/x86_64-pc-linux-gnu/11.3.0/lto-wrapper -plugin-opt=-fresolution=/tmp/ccUQJBqJ.res -plugin-opt=-pass-through=-lgcc_s -plugin-opt=-pass-through=-lgcc -plugin-opt=-pass-through=-lc -plugin-opt=-pass-through=-lgcc_s -plugin-opt=-pass-through=-lgcc --eh-frame-hdr -m elf_x86_64 -dynamic-linker /lib64/ld-linux-x86-64.so.2 -pie -o cmTC_39091 /usr/lib/gcc/x86_64-pc-linux-gnu/11.3.0/../../../../lib64/Scrt1.o /usr/lib/gcc/x86_64-pc-linux-gnu/11.3.0/../../../../lib64/crti.o /usr/lib/gcc/x86_64-pc-linux-gnu/11.3.0/crtbeginS.o -L/usr/lib/gcc/x86_64-pc-linux-gnu/11.3.0 -L/usr/lib/gcc/x86_64-pc-linux-gnu/11.3.0/../../../../lib64 -L/lib/../lib64 -L/usr/lib/../lib64 -L/usr/lib/gcc/x86_64-pc-linux-gnu/11.3.0/../../../../x86_64-pc-linux-gnu/lib -L/usr/lib/gcc/x86_64-pc-linux-gnu/11.3.0/../../.. CMakeFiles/cmTC_39091.dir/CMakeCXXCompilerABI.cpp.o -lstdc++ -lm -lgcc_s -lgcc -lc -lgcc_s -lgcc /usr/lib/gcc/x86_64-pc-linux-gnu/11.3.0/crtendS.o /usr/lib/gcc/x86_64-pc-linux-gnu/11.3.0/../../../../lib64/crtn.o]
    arg [/usr/libexec/gcc/x86_64-pc-linux-gnu/11.3.0/collect2] ==> ignore
    arg [-plugin] ==> ignore
    arg [/usr/libexec/gcc/x86_64-pc-linux-gnu/11.3.0/liblto_plugin.so] ==> ignore
    arg [-plugin-opt=/usr/libexec/gcc/x86_64-pc-linux-gnu/11.3.0/lto-wrapper] ==> ignore
    arg [-plugin-opt=-fresolution=/tmp/ccUQJBqJ.res] ==> ignore
    arg [-plugin-opt=-pass-through=-lgcc_s] ==> ignore
    arg [-plugin-opt=-pass-through=-lgcc] ==> ignore
    arg [-plugin-opt=-pass-through=-lc] ==> ignore
    arg [-plugin-opt=-pass-through=-lgcc_s] ==> ignore
    arg [-plugin-opt=-pass-through=-lgcc] ==> ignore
    arg [--eh-frame-hdr] ==> ignore
    arg [-m] ==> ignore
    arg [elf_x86_64] ==> ignore
    arg [-dynamic-linker] ==> ignore
    arg [/lib64/ld-linux-x86-64.so.2] ==> ignore
    arg [-pie] ==> ignore
    arg [-o] ==> ignore
    arg [cmTC_39091] ==> ignore
    arg [/usr/lib/gcc/x86_64-pc-linux-gnu/11.3.0/../../../../lib64/Scrt1.o] ==> obj [/usr/lib/gcc/x86_64-pc-linux-gnu/11.3.0/../../../../lib64/Scrt1.o]
    arg [/usr/lib/gcc/x86_64-pc-linux-gnu/11.3.0/../../../../lib64/crti.o] ==> obj [/usr/lib/gcc/x86_64-pc-linux-gnu/11.3.0/../../../../lib64/crti.o]
    arg [/usr/lib/gcc/x86_64-pc-linux-gnu/11.3.0/crtbeginS.o] ==> obj [/usr/lib/gcc/x86_64-pc-linux-gnu/11.3.0/crtbeginS.o]
    arg [-L/usr/lib/gcc/x86_64-pc-linux-gnu/11.3.0] ==> dir [/usr/lib/gcc/x86_64-pc-linux-gnu/11.3.0]
    arg [-L/usr/lib/gcc/x86_64-pc-linux-gnu/11.3.0/../../../../lib64] ==> dir [/usr/lib/gcc/x86_64-pc-linux-gnu/11.3.0/../../../../lib64]
    arg [-L/lib/../lib64] ==> dir [/lib/../lib64]
    arg [-L/usr/lib/../lib64] ==> dir [/usr/lib/../lib64]
    arg [-L/usr/lib/gcc/x86_64-pc-linux-gnu/11.3.0/../../../../x86_64-pc-linux-gnu/lib] ==> dir [/usr/lib/gcc/x86_64-pc-linux-gnu/11.3.0/../../../../x86_64-pc-linux-gnu/lib]
    arg [-L/usr/lib/gcc/x86_64-pc-linux-gnu/11.3.0/../../..] ==> dir [/usr/lib/gcc/x86_64-pc-linux-gnu/11.3.0/../../..]
    arg [CMakeFiles/cmTC_39091.dir/CMakeCXXCompilerABI.cpp.o] ==> ignore
    arg [-lstdc++] ==> lib [stdc++]
    arg [-lm] ==> lib [m]
    arg [-lgcc_s] ==> lib [gcc_s]
    arg [-lgcc] ==> lib [gcc]
    arg [-lc] ==> lib [c]
    arg [-lgcc_s] ==> lib [gcc_s]
    arg [-lgcc] ==> lib [gcc]
    arg [/usr/lib/gcc/x86_64-pc-linux-gnu/11.3.0/crtendS.o] ==> obj [/usr/lib/gcc/x86_64-pc-linux-gnu/11.3.0/crtendS.o]
    arg [/usr/lib/gcc/x86_64-pc-linux-gnu/11.3.0/../../../../lib64/crtn.o] ==> obj [/usr/lib/gcc/x86_64-pc-linux-gnu/11.3.0/../../../../lib64/crtn.o]
  collapse obj [/usr/lib/gcc/x86_64-pc-linux-gnu/11.3.0/../../../../lib64/Scrt1.o] ==> [/usr/lib64/Scrt1.o]
  collapse obj [/usr/lib/gcc/x86_64-pc-linux-gnu/11.3.0/../../../../lib64/crti.o] ==> [/usr/lib64/crti.o]
  collapse obj [/usr/lib/gcc/x86_64-pc-linux-gnu/11.3.0/../../../../lib64/crtn.o] ==> [/usr/lib64/crtn.o]
  collapse library dir [/usr/lib/gcc/x86_64-pc-linux-gnu/11.3.0] ==> [/usr/lib/gcc/x86_64-pc-linux-gnu/11.3.0]
  collapse library dir [/usr/lib/gcc/x86_64-pc-linux-gnu/11.3.0/../../../../lib64] ==> [/usr/lib64]
  collapse library dir [/lib/../lib64] ==> [/lib64]
  collapse library dir [/usr/lib/../lib64] ==> [/usr/lib64]
  collapse library dir [/usr/lib/gcc/x86_64-pc-linux-gnu/11.3.0/../../../../x86_64-pc-linux-gnu/lib] ==> [/usr/x86_64-pc-linux-gnu/lib]
  collapse library dir [/usr/lib/gcc/x86_64-pc-linux-gnu/11.3.0/../../..] ==> [/usr/lib]
  implicit libs: [stdc++;m;gcc_s;gcc;c;gcc_s;gcc]
  implicit objs: [/usr/lib64/Scrt1.o;/usr/lib64/crti.o;/usr/lib/gcc/x86_64-pc-linux-gnu/11.3.0/crtbeginS.o;/usr/lib/gcc/x86_64-pc-linux-gnu/11.3.0/crtendS.o;/usr/lib64/crtn.o]
  implicit dirs: [/usr/lib/gcc/x86_64-pc-linux-gnu/11.3.0;/usr/lib64;/lib64;/usr/x86_64-pc-linux-gnu/lib;/usr/lib]
  implicit fwks: []


The system is: Linux - 5.15.80-gentoo-x86_64 - x86_64
Compiling the C compiler identification source file "CMakeCCompilerId.c" succeeded.
Compiler: /usr/bin/cc 
Build flags: 
Id flags:  

The output was:
0


Compilation of the C compiler identification source "CMakeCCompilerId.c" produced "a.out"

The C compiler identification is GNU, found in "/home/amphyby/Documents/Spreadsheet/CMakeFiles/3.24.3/CompilerIdC/a.out"

Compiling the CXX compiler identification source file "CMakeCXXCompilerId.cpp" succeeded.
Compiler: /usr/bin/c++ 
Build flags: 
Id flags:  

The output was:
0


Compilation of the CXX compiler identification source "CMakeCXXCompilerId.cpp" produced "a.out"

The CXX compiler identification is GNU, found in "/home/amphyby/Documents/Spreadsheet/CMakeFiles/3.24.3/CompilerIdCXX/a.out"

Detecting C compiler ABI info compiled with the following output:
Change Dir: /home/amphyby/Documents/Spreadsheet/CMakeFiles/CMakeTmp

Run Build Command(s):/usr/bin/gmake -f Makefile cmTC_fcf89/fast && /usr/bin/gmake  -f CMakeFiles/cmTC_fcf89.dir/build.make CMakeFiles/cmTC_fcf89.dir/build
gmake[1]: Entering directory '/home/amphyby/Documents/Spreadsheet/CMakeFiles/CMakeTmp'
Building C object CMakeFiles/cmTC_fcf89.dir/CMakeCCompilerABI.c.o
/usr/bin/cc   -v -o CMakeFiles/cmTC_fcf89.dir/CMakeCCompilerABI.c.o -c /usr/share/cmake/Modules/CMakeCCompilerABI.c
Using built-in specs.
COLLECT_GCC=/usr/bin/cc
Target: x86_64-pc-linux-gnu
Configured with: /var/tmp/portage/sys-devel/gcc-11.3.0/work/gcc-11.3.0/configure --host=x86_64-pc-linux-gnu --build=x86_64-pc-linux-gnu --prefix=/usr --bindir=/usr/x86_64-pc-linux-gnu/gcc-bin/11.3.0 --includedir=/usr/lib/gcc/x86_64-pc-linux-gnu/11.3.0/include --datadir=/usr/share/gcc-data/x86_64-pc-linux-gnu/11.3.0 --mandir=/usr/share/gcc-data/x86_64-pc-linux-gnu/11.3.0/man --infodir=/usr/share/gcc-data/x86_64-pc-linux-gnu/11.3.0/info --with-gxx-include-dir=/usr/lib/gcc/x86_64-pc-linux-gnu/11.3.0/include/g++-v11 --with-python-dir=/share/gcc-data/x86_64-pc-linux-gnu/11.3.0/python --enable-languages=c,c++,fortran --enable-obsolete --enable-secureplt --disable-werror --with-system-zlib --enable-nls --without-included-gettext --disable-libunwind-exceptions --enable-checking=release --with-bugurl=https://bugs.gentoo.org/ --with-pkgversion='Gentoo 11.3.0 p4' --disable-esp --enable-libstdcxx-time --disable-libstdcxx-pch --enable-shared --enable-threads=posix --enable-__cxa_atexit --enable-clocale=gnu --enable-multilib --with-multilib-list=m32,m64 --disable-fixed-point --enable-targets=all --enable-libgomp --disable-libssp --disable-libada --disable-cet --disable-systemtap --disable-valgrind-annotations --disable-vtable-verify --disable-libvtv --without-zstd --enable-lto --without-isl --enable-default-pie --enable-default-ssp
Thread model: posix
Supported LTO compression algorithms: zlib
gcc version 11.3.0 (Gentoo 11.3.0 p4) 
COLLECT_GCC_OPTIONS='-v' '-o' 'CMakeFiles/cmTC_fcf89.dir/CMakeCCompilerABI.c.o' '-c' '-mtune=generic' '-march=x86-64' '-dumpdir' 'CMakeFiles/cmTC_fcf89.dir/'
 /usr/libexec/gcc/x86_64-pc-linux-gnu/11.3.0/cc1 -quiet -v /usr/share/cmake/Modules/CMakeCCompilerABI.c -quiet -dumpdir CMakeFiles/cmTC_fcf89.dir/ -dumpbase CMakeCCompilerABI.c.c -dumpbase-ext .c -mtune=generic -march=x86-64 -version -o /tmp/ccpzswZ6.s
GNU C17 (Gentoo 11.3.0 p4) version 11.3.0 (x86_64-pc-linux-gnu)
	compiled by GNU C version 11.3.0, GMP version 6.2.1, MPFR version 4.1.0-p13, MPC version 1.2.1, isl version none
GGC heuristics: --param ggc-min-expand=100 --param ggc-min-heapsize=131072
ignoring nonexistent directory "/usr/local/include"
ignoring nonexistent directory "/usr/lib/gcc/x86_64-pc-linux-gnu/11.3.0/../../../../x86_64-pc-linux-gnu/include"
#include "..." search starts here:
#include <...> search starts here:
 /usr/lib/gcc/x86_64-pc-linux-gnu/11.3.0/include
 /usr/lib/gcc/x86_64-pc-linux-gnu/11.3.0/include-fixed
 /usr/include
End of search list.
GNU C17 (Gentoo 11.3.0 p4) version 11.3.0 (x86_64-pc-linux-gnu)
	compiled by GNU C version 11.3.0, GMP version 6.2.1, MPFR version 4.1.0-p13, MPC version 1.2.1, isl version none
GGC heuristics: --param ggc-min-expand=100 --param ggc-min-heapsize=131072
Compiler executable checksum: 8067ad4f7fb80f80850f7ed0328033d6
COLLECT_GCC_OPTIONS='-v' '-o' 'CMakeFiles/cmTC_fcf89.dir/CMakeCCompilerABI.c.o' '-c' '-mtune=generic' '-march=x86-64' '-dumpdir' 'CMakeFiles/cmTC_fcf89.dir/'
 /usr/lib/gcc/x86_64-pc-linux-gnu/11.3.0/../../../../x86_64-pc-linux-gnu/bin/as -v --64 -o CMakeFiles/cmTC_fcf89.dir/CMakeCCompilerABI.c.o /tmp/ccpzswZ6.s
GNU assembler version 2.38 (x86_64-pc-linux-gnu) using BFD version (Gentoo 2.38 p4) 2.38
COMPILER_PATH=/usr/libexec/gcc/x86_64-pc-linux-gnu/11.3.0/:/usr/libexec/gcc/x86_64-pc-linux-gnu/11.3.0/:/usr/libexec/gcc/x86_64-pc-linux-gnu/:/usr/lib/gcc/x86_64-pc-linux-gnu/11.3.0/:/usr/lib/gcc/x86_64-pc-linux-gnu/:/usr/lib/gcc/x86_64-pc-linux-gnu/11.3.0/../../../../x86_64-pc-linux-gnu/bin/
LIBRARY_PATH=/usr/lib/gcc/x86_64-pc-linux-gnu/11.3.0/:/usr/lib/gcc/x86_64-pc-linux-gnu/11.3.0/../../../../lib64/:/lib/../lib64/:/usr/lib/../lib64/:/usr/lib/gcc/x86_64-pc-linux-gnu/11.3.0/../../../../x86_64-pc-linux-gnu/lib/:/usr/lib/gcc/x86_64-pc-linux-gnu/11.3.0/../../../:/lib/:/usr/lib/
COLLECT_GCC_OPTIONS='-v' '-o' 'CMakeFiles/cmTC_fcf89.dir/CMakeCCompilerABI.c.o' '-c' '-mtune=generic' '-march=x86-64' '-dumpdir' 'CMakeFiles/cmTC_fcf89.dir/CMakeCCompilerABI.c.'
Linking C executable cmTC_fcf89
/usr/bin/cmake -E cmake_link_script CMakeFiles/cmTC_fcf89.dir/link.txt --verbose=1
/usr/bin/cc  -v CMakeFiles/cmTC_fcf89.dir/CMakeCCompilerABI.c.o -o cmTC_fcf89 
Using built-in specs.
COLLECT_GCC=/usr/bin/cc
COLLECT_LTO_WRAPPER=/usr/libexec/gcc/x86_64-pc-linux-gnu/11.3.0/lto-wrapper
Target: x86_64-pc-linux-gnu
Configured with: /var/tmp/portage/sys-devel/gcc-11.3.0/work/gcc-11.3.0/configure --host=x86_64-pc-linux-gnu --build=x86_64-pc-linux-gnu --prefix=/usr --bindir=/usr/x86_64-pc-linux-gnu/gcc-bin/11.3.0 --includedir=/usr/lib/gcc/x86_64-pc-linux-gnu/11.3.0/include --datadir=/usr/share/gcc-data/x86_64-pc-linux-gnu/11.3.0 --mandir=/usr/share/gcc-data/x86_64-pc-linux-gnu/11.3.0/man --infodir=/usr/share/gcc-data/x86_64-pc-linux-gnu/11.3.0/info --with-gxx-include-dir=/usr/lib/gcc/x86_64-pc-linux-gnu/11.3.0/include/g++-v11 --with-python-dir=/share/gcc-data/x86_64-pc-linux-gnu/11.3.0/python --enable-languages=c,c++,fortran --enable-obsolete --enable-secureplt --disable-werror --with-system-zlib --enable-nls --without-included-gettext --disable-libunwind-exceptions --enable-checking=release --with-bugurl=https://bugs.gentoo.org/ --with-pkgversion='Gentoo 11.3.0 p4' --disable-esp --enable-libstdcxx-time --disable-libstdcxx-pch --enable-shared --enable-threads=posix --enable-__cxa_atexit --enable-clocale=gnu --enable-multilib --with-multilib-list=m32,m64 --disable-fixed-point --enable-targets=all --enable-libgomp --disable-libssp --disable-libada --disable-cet --disable-systemtap --disable-valgrind-annotations --disable-vtable-verify --disable-libvtv --without-zstd --enable-lto --without-isl --enable-default-pie --enable-default-ssp
Thread model: posix
Supported LTO compression algorithms: zlib
gcc version 11.3.0 (Gentoo 11.3.0 p4) 
COMPILER_PATH=/usr/libexec/gcc/x86_64-pc-linux-gnu/11.3.0/:/usr/libexec/gcc/x86_64-pc-linux-gnu/11.3.0/:/usr/libexec/gcc/x86_64-pc-linux-gnu/:/usr/lib/gcc/x86_64-pc-linux-gnu/11.3.0/:/usr/lib/gcc/x86_64-pc-linux-gnu/:/usr/lib/gcc/x86_64-pc-linux-gnu/11.3.0/../../../../x86_64-pc-linux-gnu/bin/
LIBRARY_PATH=/usr/lib/gcc/x86_64-pc-linux-gnu/11.3.0/:/usr/lib/gcc/x86_64-pc-linux-gnu/11.3.0/../../../../lib64/:/lib/../lib64/:/usr/lib/../lib64/:/usr/lib/gcc/x86_64-pc-linux-gnu/11.3.0/../../../../x86_64-pc-linux-gnu/lib/:/usr/lib/gcc/x86_64-pc-linux-gnu/11.3.0/../../../:/lib/:/usr/lib/
COLLECT_GCC_OPTIONS='-v' '-o' 'cmTC_fcf89' '-mtune=generic' '-march=x86-64' '-dumpdir' 'cmTC_fcf89.'
 /usr/libexec/gcc/x86_64-pc-linux-gnu/11.3.0/collect2 -plugin /usr/libexec/gcc/x86_64-pc-linux-gnu/11.3.0/liblto_plugin.so -plugin-opt=/usr/libexec/gcc/x86_64-pc-linux-gnu/11.3.0/lto-wrapper -plugin-opt=-fresolution=/tmp/cc6Yafu8.res -plugin-opt=-pass-through=-lgcc -plugin-opt=-pass-through=-lgcc_s -plugin-opt=-pass-through=-lc -plugin-opt=-pass-through=-lgcc -plugin-opt=-pass-through=-lgcc_s --eh-frame-hdr -m elf_x86_64 -dynamic-linker /lib64/ld-linux-x86-64.so.2 -pie -o cmTC_fcf89 /usr/lib/gcc/x86_64-pc-linux-gnu/11.3.0/../../../../lib64/Scrt1.o /usr/lib/gcc/x86_64-pc-linux-gnu/11.3.0/../../../../lib64/crti.o /usr/lib/gcc/x86_64-pc-linux-gnu/11.3.0/crtbeginS.o -L/usr/lib/gcc/x86_64-pc-linux-gnu/11.3.0 -L/usr/lib/gcc/x86_64-pc-linux-gnu/11.3.0/../../../../lib64 -L/lib/../lib64 -L/usr/lib/../lib64 -L/usr/lib/gcc/x86_64-pc-linux-gnu/11.3.0/../../../../x86_64-pc-linux-gnu/lib -L/usr/lib/gcc/x86_64-pc-linux-gnu/11.3.0/../../.. CMakeFiles/cmTC_fcf89.dir/CMakeCCompilerABI.c.o -lgcc --push-state --as-needed -lgcc_s --pop-state -lc -lgcc --push-state --as-needed -lgcc_s --pop-state /usr/lib/gcc/x86_64-pc-linux-gnu/11.3.0/crtendS.o /usr/lib/gcc/x86_64-pc-linux-gnu/11.3.0/../../../../lib64/crtn.o
COLLECT_GCC_OPTIONS='-v' '-o' 'cmTC_fcf89' '-mtune=generic' '-march=x86-64' '-dumpdir' 'cmTC_fcf89.'
gmake[1]: Leaving directory '/home/amphyby/Documents/Spreadsheet/CMakeFiles/CMakeTmp'



Parsed C implicit include dir info from above output: rv=done
  found start of include info
  found start of implicit include info
    add: [/usr/lib/gcc/x86_64-pc-linux-gnu/11.3.0/include]
    add: [/usr/lib/gcc/x86_64-pc-linux-gnu/11.3.0/include-fixed]
    add: [/usr/include]
  end of search list found
  collapse include dir [/usr/lib/gcc/x86_64-pc-linux-gnu/11.3.0/include] ==> [/usr/lib/gcc/x86_64-pc-linux-gnu/11.3.0/include]
  collapse include dir [/usr/lib/gcc/x86_64-pc-linux-gnu/11.3.0/include-fixed] ==> [/usr/lib/gcc/x86_64-pc-linux-gnu/11.3.0/include-fixed]
  collapse include dir [/usr/include] ==> [/usr/include]
  implicit include dirs: [/usr/lib/gcc/x86_64-pc-linux-gnu/11.3.0/include;/usr/lib/gcc/x86_64-pc-linux-gnu/11.3.0/include-fixed;/usr/include]


Parsed C implicit link information from above output:
  link line regex: [^( *|.*[/\])(ld|CMAKE_LINK_STARTFILE-NOTFOUND|([^/\]+-)?ld|collect2)[^/\]*( |$)]
  ignore line: [Change Dir: /home/amphyby/Documents/Spreadsheet/CMakeFiles/CMakeTmp]
  ignore line: []
  ignore line: [Run Build Command(s):/usr/bin/gmake -f Makefile cmTC_fcf89/fast && /usr/bin/gmake  -f CMakeFiles/cmTC_fcf89.dir/build.make CMakeFiles/cmTC_fcf89.dir/build]
  ignore line: [gmake[1]: Entering directory '/home/amphyby/Documents/Spreadsheet/CMakeFiles/CMakeTmp']
  ignore line: [Building C object CMakeFiles/cmTC_fcf89.dir/CMakeCCompilerABI.c.o]
  ignore line: [/usr/bin/cc   -v -o CMakeFiles/cmTC_fcf89.dir/CMakeCCompilerABI.c.o -c /usr/share/cmake/Modules/CMakeCCompilerABI.c]
  ignore line: [Using built-in specs.]
  ignore line: [COLLECT_GCC=/usr/bin/cc]
  ignore line: [Target: x86_64-pc-linux-gnu]
  ignore line: [Configured with: /var/tmp/portage/sys-devel/gcc-11.3.0/work/gcc-11.3.0/configure --host=x86_64-pc-linux-gnu --build=x86_64-pc-linux-gnu --prefix=/usr --bindir=/usr/x86_64-pc-linux-gnu/gcc-bin/11.3.0 --includedir=/usr/lib/gcc/x86_64-pc-linux-gnu/11.3.0/include --datadir=/usr/share/gcc-data/x86_64-pc-linux-gnu/11.3.0 --mandir=/usr/share/gcc-data/x86_64-pc-linux-gnu/11.3.0/man --infodir=/usr/share/gcc-data/x86_64-pc-linux-gnu/11.3.0/info --with-gxx-include-dir=/usr/lib/gcc/x86_64-pc-linux-gnu/11.3.0/include/g++-v11 --with-python-dir=/share/gcc-data/x86_64-pc-linux-gnu/11.3.0/python --enable-languages=c c++ fortran --enable-obsolete --enable-secureplt --disable-werror --with-system-zlib --enable-nls --without-included-gettext --disable-libunwind-exceptions --enable-checking=release --with-bugurl=https://bugs.gentoo.org/ --with-pkgversion='Gentoo 11.3.0 p4' --disable-esp --enable-libstdcxx-time --disable-libstdcxx-pch --enable-shared --enable-threads=posix --enable-__cxa_atexit --enable-clocale=gnu --enable-multilib --with-multilib-list=m32 m64 --disable-fixed-point --enable-targets=all --enable-libgomp --disable-libssp --disable-libada --disable-cet --disable-systemtap --disable-valgrind-annotations --disable-vtable-verify --disable-libvtv --without-zstd --enable-lto --without-isl --enable-default-pie --enable-default-ssp]
  ignore line: [Thread model: posix]
  ignore line: [Supported LTO compression algorithms: zlib]
  ignore line: [gcc version 11.3.0 (Gentoo 11.3.0 p4) ]
  ignore line: [COLLECT_GCC_OPTIONS='-v' '-o' 'CMakeFiles/cmTC_fcf89.dir/CMakeCCompilerABI.c.o' '-c' '-mtune=generic' '-march=x86-64' '-dumpdir' 'CMakeFiles/cmTC_fcf89.dir/']
  ignore line: [ /usr/libexec/gcc/x86_64-pc-linux-gnu/11.3.0/cc1 -quiet -v /usr/share/cmake/Modules/CMakeCCompilerABI.c -quiet -dumpdir CMakeFiles/cmTC_fcf89.dir/ -dumpbase CMakeCCompilerABI.c.c -dumpbase-ext .c -mtune=generic -march=x86-64 -version -o /tmp/ccpzswZ6.s]
  ignore line: [GNU C17 (Gentoo 11.3.0 p4) version 11.3.0 (x86_64-pc-linux-gnu)]
  ignore line: [	compiled by GNU C version 11.3.0  GMP version 6.2.1  MPFR version 4.1.0-p13  MPC version 1.2.1  isl version none]
  ignore line: [GGC heuristics: --param ggc-min-expand=100 --param ggc-min-heapsize=131072]
  ignore line: [ignoring nonexistent directory "/usr/local/include"]
  ignore line: [ignoring nonexistent directory "/usr/lib/gcc/x86_64-pc-linux-gnu/11.3.0/../../../../x86_64-pc-linux-gnu/include"]
  ignore line: [#include "..." search starts here:]
  ignore line: [#include <...> search starts here:]
  ignore line: [ /usr/lib/gcc/x86_64-pc-linux-gnu/11.3.0/include]
  ignore line: [ /usr/lib/gcc/x86_64-pc-linux-gnu/11.3.0/include-fixed]
  ignore line: [ /usr/include]
  ignore line: [End of search list.]
  ignore line: [GNU C17 (Gentoo 11.3.0 p4) version 11.3.0 (x86_64-pc-linux-gnu)]
  ignore line: [	compiled by GNU C version 11.3.0  GMP version 6.2.1  MPFR version 4.1.0-p13  MPC version 1.2.1  isl version none]
  ignore line: [GGC heuristics: --param ggc-min-expand=100 --param ggc-min-heapsize=131072]
  ignore line: [Compiler executable checksum: 8067ad4f7fb80f80850f7ed0328033d6]
  ignore line: [COLLECT_GCC_OPTIONS='-v' '-o' 'CMakeFiles/cmTC_fcf89.dir/CMakeCCompilerABI.c.o' '-c' '-mtune=generic' '-march=x86-64' '-dumpdir' 'CMakeFiles/cmTC_fcf89.dir/']
  ignore line: [ /usr/lib/gcc/x86_64-pc-linux-gnu/11.3.0/../../../../x86_64-pc-linux-gnu/bin/as -v --64 -o CMakeFiles/cmTC_fcf89.dir/CMakeCCompilerABI.c.o /tmp/ccpzswZ6.s]
  ignore line: [GNU assembler version 2.38 (x86_64-pc-linux-gnu) using BFD version (Gentoo 2.38 p4) 2.38]
  ignore line: [COMPILER_PATH=/usr/libexec/gcc/x86_64-pc-linux-gnu/11.3.0/:/usr/libexec/gcc/x86_64-pc-linux-gnu/11.3.0/:/usr/libexec/gcc/x86_64-pc-linux-gnu/:/usr/lib/gcc/x86_64-pc-linux-gnu/11.3.0/:/usr/lib/gcc/x86_64-pc-linux-gnu/:/usr/lib/gcc/x86_64-pc-linux-gnu/11.3.0/../../../../x86_64-pc-linux-gnu/bin/]
  ignore line: [LIBRARY_PATH=/usr/lib/gcc/x86_64-pc-linux-gnu/11.3.0/:/usr/lib/gcc/x86_64-pc-linux-gnu/11.3.0/../../../../lib64/:/lib/../lib64/:/usr/lib/../lib64/:/usr/lib/gcc/x86_64-pc-linux-gnu/11.3.0/../../../../x86_64-pc-linux-gnu/lib/:/usr/lib/gcc/x86_64-pc-linux-gnu/11.3.0/../../../:/lib/:/usr/lib/]
  ignore line: [COLLECT_GCC_OPTIONS='-v' '-o' 'CMakeFiles/cmTC_fcf89.dir/CMakeCCompilerABI.c.o' '-c' '-mtune=generic' '-march=x86-64' '-dumpdir' 'CMakeFiles/cmTC_fcf89.dir/CMakeCCompilerABI.c.']
  ignore line: [Linking C executable cmTC_fcf89]
  ignore line: [/usr/bin/cmake -E cmake_link_script CMakeFiles/cmTC_fcf89.dir/link.txt --verbose=1]
  ignore line: [/usr/bin/cc  -v CMakeFiles/cmTC_fcf89.dir/CMakeCCompilerABI.c.o -o cmTC_fcf89 ]
  ignore line: [Using built-in specs.]
  ignore line: [COLLECT_GCC=/usr/bin/cc]
  ignore line: [COLLECT_LTO_WRAPPER=/usr/libexec/gcc/x86_64-pc-linux-gnu/11.3.0/lto-wrapper]
  ignore line: [Target: x86_64-pc-linux-gnu]
  ignore line: [Configured with: /var/tmp/portage/sys-devel/gcc-11.3.0/work/gcc-11.3.0/configure --host=x86_64-pc-linux-gnu --build=x86_64-pc-linux-gnu --prefix=/usr --bindir=/usr/x86_64-pc-linux-gnu/gcc-bin/11.3.0 --includedir=/usr/lib/gcc/x86_64-pc-linux-gnu/11.3.0/include --datadir=/usr/share/gcc-data/x86_64-pc-linux-gnu/11.3.0 --mandir=/usr/share/gcc-data/x86_64-pc-linux-gnu/11.3.0/man --infodir=/usr/share/gcc-data/x86_64-pc-linux-gnu/11.3.0/info --with-gxx-include-dir=/usr/lib/gcc/x86_64-pc-linux-gnu/11.3.0/include/g++-v11 --with-python-dir=/share/gcc-data/x86_64-pc-linux-gnu/11.3.0/python --enable-languages=c c++ fortran --enable-obsolete --enable-secureplt --disable-werror --with-system-zlib --enable-nls --without-included-gettext --disable-libunwind-exceptions --enable-checking=release --with-bugurl=https://bugs.gentoo.org/ --with-pkgversion='Gentoo 11.3.0 p4' --disable-esp --enable-libstdcxx-time --disable-libstdcxx-pch --enable-shared --enable-threads=posix --enable-__cxa_atexit --enable-clocale=gnu --enable-multilib --with-multilib-list=m32 m64 --disable-fixed-point --enable-targets=all --enable-libgomp --disable-libssp --disable-libada --disable-cet --disable-systemtap --disable-valgrind-annotations --disable-vtable-verify --disable-libvtv --without-zstd --enable-lto --without-isl --enable-default-pie --enable-default-ssp]
  ignore line: [Thread model: posix]
  ignore line: [Supported LTO compression algorithms: zlib]
  ignore line: [gcc version 11.3.0 (Gentoo 11.3.0 p4) ]
  ignore line: [COMPILER_PATH=/usr/libexec/gcc/x86_64-pc-linux-gnu/11.3.0/:/usr/libexec/gcc/x86_64-pc-linux-gnu/11.3.0/:/usr/libexec/gcc/x86_64-pc-linux-gnu/:/usr/lib/gcc/x86_64-pc-linux-gnu/11.3.0/:/usr/lib/gcc/x86_64-pc-linux-gnu/:/usr/lib/gcc/x86_64-pc-linux-gnu/11.3.0/../../../../x86_64-pc-linux-gnu/bin/]
  ignore line: [LIBRARY_PATH=/usr/lib/gcc/x86_64-pc-linux-gnu/11.3.0/:/usr/lib/gcc/x86_64-pc-linux-gnu/11.3.0/../../../../lib64/:/lib/../lib64/:/usr/lib/../lib64/:/usr/lib/gcc/x86_64-pc-linux-gnu/11.3.0/../../../../x86_64-pc-linux-gnu/lib/:/usr/lib/gcc/x86_64-pc-linux-gnu/11.3.0/../../../:/lib/:/usr/lib/]
  ignore line: [COLLECT_GCC_OPTIONS='-v' '-o' 'cmTC_fcf89' '-mtune=generic' '-march=x86-64' '-dumpdir' 'cmTC_fcf89.']
  link line: [ /usr/libexec/gcc/x86_64-pc-linux-gnu/11.3.0/collect2 -plugin /usr/libexec/gcc/x86_64-pc-linux-gnu/11.3.0/liblto_plugin.so -plugin-opt=/usr/libexec/gcc/x86_64-pc-linux-gnu/11.3.0/lto-wrapper -plugin-opt=-fresolution=/tmp/cc6Yafu8.res -plugin-opt=-pass-through=-lgcc -plugin-opt=-pass-through=-lgcc_s -plugin-opt=-pass-through=-lc -plugin-opt=-pass-through=-lgcc -plugin-opt=-pass-through=-lgcc_s --eh-frame-hdr -m elf_x86_64 -dynamic-linker /lib64/ld-linux-x86-64.so.2 -pie -o cmTC_fcf89 /usr/lib/gcc/x86_64-pc-linux-gnu/11.3.0/../../../../lib64/Scrt1.o /usr/lib/gcc/x86_64-pc-linux-gnu/11.3.0/../../../../lib64/crti.o /usr/lib/gcc/x86_64-pc-linux-gnu/11.3.0/crtbeginS.o -L/usr/lib/gcc/x86_64-pc-linux-gnu/11.3.0 -L/usr/lib/gcc/x86_64-pc-linux-gnu/11.3.0/../../../../lib64 -L/lib/../lib64 -L/usr/lib/../lib64 -L/usr/lib/gcc/x86_64-pc-linux-gnu/11.3.0/../../../../x86_64-pc-linux-gnu/lib -L/usr/lib/gcc/x86_64-pc-linux-gnu/11.3.0/../../.. CMakeFiles/cmTC_fcf89.dir/CMakeCCompilerABI.c.o -lgcc --push-state --as-needed -lgcc_s --pop-state -lc -lgcc --push-state --as-needed -lgcc_s --pop-state /usr/lib/gcc/x86_64-pc-linux-gnu/11.3.0/crtendS.o /usr/lib/gcc/x86_64-pc-linux-gnu/11.3.0/../../../../lib64/crtn.o]
    arg [/usr/libexec/gcc/x86_64-pc-linux-gnu/11.3.0/collect2] ==> ignore
    arg [-plugin] ==> ignore
    arg [/usr/libexec/gcc/x86_64-pc-linux-gnu/11.3.0/liblto_plugin.so] ==> ignore
    arg [-plugin-opt=/usr/libexec/gcc/x86_64-pc-linux-gnu/11.3.0/lto-wrapper] ==> ignore
    arg [-plugin-opt=-fresolution=/tmp/cc6Yafu8.res] ==> ignore
    arg [-plugin-opt=-pass-through=-lgcc] ==> ignore
    arg [-plugin-opt=-pass-through=-lgcc_s] ==> ignore
    arg [-plugin-opt=-pass-through=-lc] ==> ignore
    arg [-plugin-opt=-pass-through=-lgcc] ==> ignore
    arg [-plugin-opt=-pass-through=-lgcc_s] ==> ignore
    arg [--eh-frame-hdr] ==> ignore
    arg [-m] ==> ignore
    arg [elf_x86_64] ==> ignore
    arg [-dynamic-linker] ==> ignore
    arg [/lib64/ld-linux-x86-64.so.2] ==> ignore
    arg [-pie] ==> ignore
    arg [-o] ==> ignore
    arg [cmTC_fcf89] ==> ignore
    arg [/usr/lib/gcc/x86_64-pc-linux-gnu/11.3.0/../../../../lib64/Scrt1.o] ==> obj [/usr/lib/gcc/x86_64-pc-linux-gnu/11.3.0/../../../../lib64/Scrt1.o]
    arg [/usr/lib/gcc/x86_64-pc-linux-gnu/11.3.0/../../../../lib64/crti.o] ==> obj [/usr/lib/gcc/x86_64-pc-linux-gnu/11.3.0/../../../../lib64/crti.o]
    arg [/usr/lib/gcc/x86_64-pc-linux-gnu/11.3.0/crtbeginS.o] ==> obj [/usr/lib/gcc/x86_64-pc-linux-gnu/11.3.0/crtbeginS.o]
    arg [-L/usr/lib/gcc/x86_64-pc-linux-gnu/11.3.0] ==> dir [/usr/lib/gcc/x86_64-pc-linux-gnu/11.3.0]
    arg [-L/usr/lib/gcc/x86_64-pc-linux-gnu/11.3.0/../../../../lib64] ==> dir [/usr/lib/gcc/x86_64-pc-linux-gnu/11.3.0/../../../../lib64]
    arg [-L/lib/../lib64] ==> dir [/lib/../lib64]
    arg [-L/usr/lib/../lib64] ==> dir [/usr/lib/../lib64]
    arg [-L/usr/lib/gcc/x86_64-pc-linux-gnu/11.3.0/../../../../x86_64-pc-linux-gnu/lib] ==> dir [/usr/lib/gcc/x86_64-pc-linux-gnu/11.3.0/../../../../x86_64-pc-linux-gnu/lib]
    arg [-L/usr/lib/gcc/x86_64-pc-linux-gnu/11.3.0/../../..] ==> dir [/usr/lib/gcc/x86_64-pc-linux-gnu/11.3.0/../../..]
    arg [CMakeFiles/cmTC_fcf89.dir/CMakeCCompilerABI.c.o] ==> ignore
    arg [-lgcc] ==> lib [gcc]
    arg [--push-state] ==> ignore
    arg [--as-needed] ==> ignore
    arg [-lgcc_s] ==> lib [gcc_s]
    arg [--pop-state] ==> ignore
    arg [-lc] ==> lib [c]
    arg [-lgcc] ==> lib [gcc]
    arg [--push-state] ==> ignore
    arg [--as-needed] ==> ignore
    arg [-lgcc_s] ==> lib [gcc_s]
    arg [--pop-state] ==> ignore
    arg [/usr/lib/gcc/x86_64-pc-linux-gnu/11.3.0/crtendS.o] ==> obj [/usr/lib/gcc/x86_64-pc-linux-gnu/11.3.0/crtendS.o]
    arg [/usr/lib/gcc/x86_64-pc-linux-gnu/11.3.0/../../../../lib64/crtn.o] ==> obj [/usr/lib/gcc/x86_64-pc-linux-gnu/11.3.0/../../../../lib64/crtn.o]
  collapse obj [/usr/lib/gcc/x86_64-pc-linux-gnu/11.3.0/../../../../lib64/Scrt1.o] ==> [/usr/lib64/Scrt1.o]
  collapse obj [/usr/lib/gcc/x86_64-pc-linux-gnu/11.3.0/../../../../lib64/crti.o] ==> [/usr/lib64/crti.o]
  collapse obj [/usr/lib/gcc/x86_64-pc-linux-gnu/11.3.0/../../../../lib64/crtn.o] ==> [/usr/lib64/crtn.o]
  collapse library dir [/usr/lib/gcc/x86_64-pc-linux-gnu/11.3.0] ==> [/usr/lib/gcc/x86_64-pc-linux-gnu/11.3.0]
  collapse library dir [/usr/lib/gcc/x86_64-pc-linux-gnu/11.3.0/../../../../lib64] ==> [/usr/lib64]
  collapse library dir [/lib/../lib64] ==> [/lib64]
  collapse library dir [/usr/lib/../lib64] ==> [/usr/lib64]
  collapse library dir [/usr/lib/gcc/x86_64-pc-linux-gnu/11.3.0/../../../../x86_64-pc-linux-gnu/lib] ==> [/usr/x86_64-pc-linux-gnu/lib]
  collapse library dir [/usr/lib/gcc/x86_64-pc-linux-gnu/11.3.0/../../..] ==> [/usr/lib]
  implicit libs: [gcc;gcc_s;c;gcc;gcc_s]
  implicit objs: [/usr/lib64/Scrt1.o;/usr/lib64/crti.o;/usr/lib/gcc/x86_64-pc-linux-gnu/11.3.0/crtbeginS.o;/usr/lib/gcc/x86_64-pc-linux-gnu/11.3.0/crtendS.o;/usr/lib64/crtn.o]
  implicit dirs: [/usr/lib/gcc/x86_64-pc-linux-gnu/11.3.0;/usr/lib64;/lib64;/usr/x86_64-pc-linux-gnu/lib;/usr/lib]
  implicit fwks: []


Detecting CXX compiler ABI info compiled with the following output:
Change Dir: /home/amphyby/Documents/Spreadsheet/CMakeFiles/CMakeTmp

Run Build Command(s):/usr/bin/gmake -f Makefile cmTC_55882/fast && /usr/bin/gmake  -f CMakeFiles/cmTC_55882.dir/build.make CMakeFiles/cmTC_55882.dir/build
gmake[1]: Entering directory '/home/amphyby/Documents/Spreadsheet/CMakeFiles/CMakeTmp'
Building CXX object CMakeFiles/cmTC_55882.dir/CMakeCXXCompilerABI.cpp.o
/usr/bin/c++   -v -o CMakeFiles/cmTC_55882.dir/CMakeCXXCompilerABI.cpp.o -c /usr/share/cmake/Modules/CMakeCXXCompilerABI.cpp
Using built-in specs.
COLLECT_GCC=/usr/bin/c++
Target: x86_64-pc-linux-gnu
Configured with: /var/tmp/portage/sys-devel/gcc-11.3.0/work/gcc-11.3.0/configure --host=x86_64-pc-linux-gnu --build=x86_64-pc-linux-gnu --prefix=/usr --bindir=/usr/x86_64-pc-linux-gnu/gcc-bin/11.3.0 --includedir=/usr/lib/gcc/x86_64-pc-linux-gnu/11.3.0/include --datadir=/usr/share/gcc-data/x86_64-pc-linux-gnu/11.3.0 --mandir=/usr/share/gcc-data/x86_64-pc-linux-gnu/11.3.0/man --infodir=/usr/share/gcc-data/x86_64-pc-linux-gnu/11.3.0/info --with-gxx-include-dir=/usr/lib/gcc/x86_64-pc-linux-gnu/11.3.0/include/g++-v11 --with-python-dir=/share/gcc-data/x86_64-pc-linux-gnu/11.3.0/python --enable-languages=c,c++,fortran --enable-obsolete --enable-secureplt --disable-werror --with-system-zlib --enable-nls --without-included-gettext --disable-libunwind-exceptions --enable-checking=release --with-bugurl=https://bugs.gentoo.org/ --with-pkgversion='Gentoo 11.3.0 p4' --disable-esp --enable-libstdcxx-time --disable-libstdcxx-pch --enable-shared --enable-threads=posix --enable-__cxa_atexit --enable-clocale=gnu --enable-multilib --with-multilib-list=m32,m64 --disable-fixed-point --enable-targets=all --enable-libgomp --disable-libssp --disable-libada --disable-cet --disable-systemtap --disable-valgrind-annotations --disable-vtable-verify --disable-libvtv --without-zstd --enable-lto --without-isl --enable-default-pie --enable-default-ssp
Thread model: posix
Supported LTO compression algorithms: zlib
gcc version 11.3.0 (Gentoo 11.3.0 p4) 
COLLECT_GCC_OPTIONS='-v' '-o' 'CMakeFiles/cmTC_55882.dir/CMakeCXXCompilerABI.cpp.o' '-c' '-shared-libgcc' '-mtune=generic' '-march=x86-64' '-dumpdir' 'CMakeFiles/cmTC_55882.dir/'
 /usr/libexec/gcc/x86_64-pc-linux-gnu/11.3.0/cc1plus -quiet -v -D_GNU_SOURCE /usr/share/cmake/Modules/CMakeCXXCompilerABI.cpp -quiet -dumpdir CMakeFiles/cmTC_55882.dir/ -dumpbase CMakeCXXCompilerABI.cpp.cpp -dumpbase-ext .cpp -mtune=generic -march=x86-64 -version -o /tmp/ccBbH0xP.s
GNU C++17 (Gentoo 11.3.0 p4) version 11.3.0 (x86_64-pc-linux-gnu)
	compiled by GNU C version 11.3.0, GMP version 6.2.1, MPFR version 4.1.0-p13, MPC version 1.2.1, isl version none
GGC heuristics: --param ggc-min-expand=100 --param ggc-min-heapsize=131072
ignoring nonexistent directory "/usr/local/include"
ignoring nonexistent directory "/usr/lib/gcc/x86_64-pc-linux-gnu/11.3.0/../../../../x86_64-pc-linux-gnu/include"
#include "..." search starts here:
#include <...> search starts here:
 /usr/lib/gcc/x86_64-pc-linux-gnu/11.3.0/include/g++-v11
 /usr/lib/gcc/x86_64-pc-linux-gnu/11.3.0/include/g++-v11/x86_64-pc-linux-gnu
 /usr/lib/gcc/x86_64-pc-linux-gnu/11.3.0/include/g++-v11/backward
 /usr/lib/gcc/x86_64-pc-linux-gnu/11.3.0/include
 /usr/lib/gcc/x86_64-pc-linux-gnu/11.3.0/include-fixed
 /usr/include
End of search list.
GNU C++17 (Gentoo 11.3.0 p4) version 11.3.0 (x86_64-pc-linux-gnu)
	compiled by GNU C version 11.3.0, GMP version 6.2.1, MPFR version 4.1.0-p13, MPC version 1.2.1, isl version none
GGC heuristics: --param ggc-min-expand=100 --param ggc-min-heapsize=131072
Compiler executable checksum: 471bca756d7dd94e2f8d205dc5501f36
COLLECT_GCC_OPTIONS='-v' '-o' 'CMakeFiles/cmTC_55882.dir/CMakeCXXCompilerABI.cpp.o' '-c' '-shared-libgcc' '-mtune=generic' '-march=x86-64' '-dumpdir' 'CMakeFiles/cmTC_55882.dir/'
 /usr/lib/gcc/x86_64-pc-linux-gnu/11.3.0/../../../../x86_64-pc-linux-gnu/bin/as -v --64 -o CMakeFiles/cmTC_55882.dir/CMakeCXXCompilerABI.cpp.o /tmp/ccBbH0xP.s
GNU assembler version 2.38 (x86_64-pc-linux-gnu) using BFD version (Gentoo 2.38 p4) 2.38
COMPILER_PATH=/usr/libexec/gcc/x86_64-pc-linux-gnu/11.3.0/:/usr/libexec/gcc/x86_64-pc-linux-gnu/11.3.0/:/usr/libexec/gcc/x86_64-pc-linux-gnu/:/usr/lib/gcc/x86_64-pc-linux-gnu/11.3.0/:/usr/lib/gcc/x86_64-pc-linux-gnu/:/usr/lib/gcc/x86_64-pc-linux-gnu/11.3.0/../../../../x86_64-pc-linux-gnu/bin/
LIBRARY_PATH=/usr/lib/gcc/x86_64-pc-linux-gnu/11.3.0/:/usr/lib/gcc/x86_64-pc-linux-gnu/11.3.0/../../../../lib64/:/lib/../lib64/:/usr/lib/../lib64/:/usr/lib/gcc/x86_64-pc-linux-gnu/11.3.0/../../../../x86_64-pc-linux-gnu/lib/:/usr/lib/gcc/x86_64-pc-linux-gnu/11.3.0/../../../:/lib/:/usr/lib/
COLLECT_GCC_OPTIONS='-v' '-o' 'CMakeFiles/cmTC_55882.dir/CMakeCXXCompilerABI.cpp.o' '-c' '-shared-libgcc' '-mtune=generic' '-march=x86-64' '-dumpdir' 'CMakeFiles/cmTC_55882.dir/CMakeCXXCompilerABI.cpp.'
Linking CXX executable cmTC_55882
/usr/bin/cmake -E cmake_link_script CMakeFiles/cmTC_55882.dir/link.txt --verbose=1
/usr/bin/c++  -v CMakeFiles/cmTC_55882.dir/CMakeCXXCompilerABI.cpp.o -o cmTC_55882 
Using built-in specs.
COLLECT_GCC=/usr/bin/c++
COLLECT_LTO_WRAPPER=/usr/libexec/gcc/x86_64-pc-linux-gnu/11.3.0/lto-wrapper
Target: x86_64-pc-linux-gnu
Configured with: /var/tmp/portage/sys-devel/gcc-11.3.0/work/gcc-11.3.0/configure --host=x86_64-pc-linux-gnu --build=x86_64-pc-linux-gnu --prefix=/usr --bindir=/usr/x86_64-pc-linux-gnu/gcc-bin/11.3.0 --includedir=/usr/lib/gcc/x86_64-pc-linux-gnu/11.3.0/include --datadir=/usr/share/gcc-data/x86_64-pc-linux-gnu/11.3.0 --mandir=/usr/share/gcc-data/x86_64-pc-linux-gnu/11.3.0/man --infodir=/usr/share/gcc-data/x86_64-pc-linux-gnu/11.3.0/info --with-gxx-include-dir=/usr/lib/gcc/x86_64-pc-linux-gnu/11.3.0/include/g++-v11 --with-python-dir=/share/gcc-data/x86_64-pc-linux-gnu/11.3.0/python --enable-languages=c,c++,fortran --enable-obsolete --enable-secureplt --disable-werror --with-system-zlib --enable-nls --without-included-gettext --disable-libunwind-exceptions --enable-checking=release --with-bugurl=https://bugs.gentoo.org/ --with-pkgversion='Gentoo 11.3.0 p4' --disable-esp --enable-libstdcxx-time --disable-libstdcxx-pch --enable-shared --enable-threads=posix --enable-__cxa_atexit --enable-clocale=gnu --enable-multilib --with-multilib-list=m32,m64 --disable-fixed-point --enable-targets=all --enable-libgomp --disable-libssp --disable-libada --disable-cet --disable-systemtap --disable-valgrind-annotations --disable-vtable-verify --disable-libvtv --without-zstd --enable-lto --without-isl --enable-default-pie --enable-default-ssp
Thread model: posix
Supported LTO compression algorithms: zlib
gcc version 11.3.0 (Gentoo 11.3.0 p4) 
COMPILER_PATH=/usr/libexec/gcc/x86_64-pc-linux-gnu/11.3.0/:/usr/libexec/gcc/x86_64-pc-linux-gnu/11.3.0/:/usr/libexec/gcc/x86_64-pc-linux-gnu/:/usr/lib/gcc/x86_64-pc-linux-gnu/11.3.0/:/usr/lib/gcc/x86_64-pc-linux-gnu/:/usr/lib/gcc/x86_64-pc-linux-gnu/11.3.0/../../../../x86_64-pc-linux-gnu/bin/
LIBRARY_PATH=/usr/lib/gcc/x86_64-pc-linux-gnu/11.3.0/:/usr/lib/gcc/x86_64-pc-linux-gnu/11.3.0/../../../../lib64/:/lib/../lib64/:/usr/lib/../lib64/:/usr/lib/gcc/x86_64-pc-linux-gnu/11.3.0/../../../../x86_64-pc-linux-gnu/lib/:/usr/lib/gcc/x86_64-pc-linux-gnu/11.3.0/../../../:/lib/:/usr/lib/
COLLECT_GCC_OPTIONS='-v' '-o' 'cmTC_55882' '-shared-libgcc' '-mtune=generic' '-march=x86-64' '-dumpdir' 'cmTC_55882.'
 /usr/libexec/gcc/x86_64-pc-linux-gnu/11.3.0/collect2 -plugin /usr/libexec/gcc/x86_64-pc-linux-gnu/11.3.0/liblto_plugin.so -plugin-opt=/usr/libexec/gcc/x86_64-pc-linux-gnu/11.3.0/lto-wrapper -plugin-opt=-fresolution=/tmp/ccBS1m0I.res -plugin-opt=-pass-through=-lgcc_s -plugin-opt=-pass-through=-lgcc -plugin-opt=-pass-through=-lc -plugin-opt=-pass-through=-lgcc_s -plugin-opt=-pass-through=-lgcc --eh-frame-hdr -m elf_x86_64 -dynamic-linker /lib64/ld-linux-x86-64.so.2 -pie -o cmTC_55882 /usr/lib/gcc/x86_64-pc-linux-gnu/11.3.0/../../../../lib64/Scrt1.o /usr/lib/gcc/x86_64-pc-linux-gnu/11.3.0/../../../../lib64/crti.o /usr/lib/gcc/x86_64-pc-linux-gnu/11.3.0/crtbeginS.o -L/usr/lib/gcc/x86_64-pc-linux-gnu/11.3.0 -L/usr/lib/gcc/x86_64-pc-linux-gnu/11.3.0/../../../../lib64 -L/lib/../lib64 -L/usr/lib/../lib64 -L/usr/lib/gcc/x86_64-pc-linux-gnu/11.3.0/../../../../x86_64-pc-linux-gnu/lib -L/usr/lib/gcc/x86_64-pc-linux-gnu/11.3.0/../../.. CMakeFiles/cmTC_55882.dir/CMakeCXXCompilerABI.cpp.o -lstdc++ -lm -lgcc_s -lgcc -lc -lgcc_s -lgcc /usr/lib/gcc/x86_64-pc-linux-gnu/11.3.0/crtendS.o /usr/lib/gcc/x86_64-pc-linux-gnu/11.3.0/../../../../lib64/crtn.o
COLLECT_GCC_OPTIONS='-v' '-o' 'cmTC_55882' '-shared-libgcc' '-mtune=generic' '-march=x86-64' '-dumpdir' 'cmTC_55882.'
gmake[1]: Leaving directory '/home/amphyby/Documents/Spreadsheet/CMakeFiles/CMakeTmp'



Parsed CXX implicit include dir info from above output: rv=done
  found start of include info
  found start of implicit include info
    add: [/usr/lib/gcc/x86_64-pc-linux-gnu/11.3.0/include/g++-v11]
    add: [/usr/lib/gcc/x86_64-pc-linux-gnu/11.3.0/include/g++-v11/x86_64-pc-linux-gnu]
    add: [/usr/lib/gcc/x86_64-pc-linux-gnu/11.3.0/include/g++-v11/backward]
    add: [/usr/lib/gcc/x86_64-pc-linux-gnu/11.3.0/include]
    add: [/usr/lib/gcc/x86_64-pc-linux-gnu/11.3.0/include-fixed]
    add: [/usr/include]
  end of search list found
  collapse include dir [/usr/lib/gcc/x86_64-pc-linux-gnu/11.3.0/include/g++-v11] ==> [/usr/lib/gcc/x86_64-pc-linux-gnu/11.3.0/include/g++-v11]
  collapse include dir [/usr/lib/gcc/x86_64-pc-linux-gnu/11.3.0/include/g++-v11/x86_64-pc-linux-gnu] ==> [/usr/lib/gcc/x86_64-pc-linux-gnu/11.3.0/include/g++-v11/x86_64-pc-linux-gnu]
  collapse include dir [/usr/lib/gcc/x86_64-pc-linux-gnu/11.3.0/include/g++-v11/backward] ==> [/usr/lib/gcc/x86_64-pc-linux-gnu/11.3.0/include/g++-v11/backward]
  collapse include dir [/usr/lib/gcc/x86_64-pc-linux-gnu/11.3.0/include] ==> [/usr/lib/gcc/x86_64-pc-linux-gnu/11.3.0/include]
  collapse include dir [/usr/lib/gcc/x86_64-pc-linux-gnu/11.3.0/include-fixed] ==> [/usr/lib/gcc/x86_64-pc-linux-gnu/11.3.0/include-fixed]
  collapse include dir [/usr/include] ==> [/usr/include]
  implicit include dirs: [/usr/lib/gcc/x86_64-pc-linux-gnu/11.3.0/include/g++-v11;/usr/lib/gcc/x86_64-pc-linux-gnu/11.3.0/include/g++-v11/x86_64-pc-linux-gnu;/usr/lib/gcc/x86_64-pc-linux-gnu/11.3.0/include/g++-v11/backward;/usr/lib/gcc/x86_64-pc-linux-gnu/11.3.0/include;/usr/lib/gcc/x86_64-pc-linux-gnu/11.3.0/include-fixed;/usr/include]


Parsed CXX implicit link information from above output:
  link line regex: [^( *|.*[/\])(ld|CMAKE_LINK_STARTFILE-NOTFOUND|([^/\]+-)?ld|collect2)[^/\]*( |$)]
  ignore line: [Change Dir: /home/amphyby/Documents/Spreadsheet/CMakeFiles/CMakeTmp]
  ignore line: []
  ignore line: [Run Build Command(s):/usr/bin/gmake -f Makefile cmTC_55882/fast && /usr/bin/gmake  -f CMakeFiles/cmTC_55882.dir/build.make CMakeFiles/cmTC_55882.dir/build]
  ignore line: [gmake[1]: Entering directory '/home/amphyby/Documents/Spreadsheet/CMakeFiles/CMakeTmp']
  ignore line: [Building CXX object CMakeFiles/cmTC_55882.dir/CMakeCXXCompilerABI.cpp.o]
  ignore line: [/usr/bin/c++   -v -o CMakeFiles/cmTC_55882.dir/CMakeCXXCompilerABI.cpp.o -c /usr/share/cmake/Modules/CMakeCXXCompilerABI.cpp]
  ignore line: [Using built-in specs.]
  ignore line: [COLLECT_GCC=/usr/bin/c++]
  ignore line: [Target: x86_64-pc-linux-gnu]
  ignore line: [Configured with: /var/tmp/portage/sys-devel/gcc-11.3.0/work/gcc-11.3.0/configure --host=x86_64-pc-linux-gnu --build=x86_64-pc-linux-gnu --prefix=/usr --bindir=/usr/x86_64-pc-linux-gnu/gcc-bin/11.3.0 --includedir=/usr/lib/gcc/x86_64-pc-linux-gnu/11.3.0/include --datadir=/usr/share/gcc-data/x86_64-pc-linux-gnu/11.3.0 --mandir=/usr/share/gcc-data/x86_64-pc-linux-gnu/11.3.0/man --infodir=/usr/share/gcc-data/x86_64-pc-linux-gnu/11.3.0/info --with-gxx-include-dir=/usr/lib/gcc/x86_64-pc-linux-gnu/11.3.0/include/g++-v11 --with-python-dir=/share/gcc-data/x86_64-pc-linux-gnu/11.3.0/python --enable-languages=c c++ fortran --enable-obsolete --enable-secureplt --disable-werror --with-system-zlib --enable-nls --without-included-gettext --disable-libunwind-exceptions --enable-checking=release --with-bugurl=https://bugs.gentoo.org/ --with-pkgversion='Gentoo 11.3.0 p4' --disable-esp --enable-libstdcxx-time --disable-libstdcxx-pch --enable-shared --enable-threads=posix --enable-__cxa_atexit --enable-clocale=gnu --enable-multilib --with-multilib-list=m32 m64 --disable-fixed-point --enable-targets=all --enable-libgomp --disable-libssp --disable-libada --disable-cet --disable-systemtap --disable-valgrind-annotations --disable-vtable-verify --disable-libvtv --without-zstd --enable-lto --without-isl --enable-default-pie --enable-default-ssp]
  ignore line: [Thread model: posix]
  ignore line: [Supported LTO compression algorithms: zlib]
  ignore line: [gcc version 11.3.0 (Gentoo 11.3.0 p4) ]
  ignore line: [COLLECT_GCC_OPTIONS='-v' '-o' 'CMakeFiles/cmTC_55882.dir/CMakeCXXCompilerABI.cpp.o' '-c' '-shared-libgcc' '-mtune=generic' '-march=x86-64' '-dumpdir' 'CMakeFiles/cmTC_55882.dir/']
  ignore line: [ /usr/libexec/gcc/x86_64-pc-linux-gnu/11.3.0/cc1plus -quiet -v -D_GNU_SOURCE /usr/share/cmake/Modules/CMakeCXXCompilerABI.cpp -quiet -dumpdir CMakeFiles/cmTC_55882.dir/ -dumpbase CMakeCXXCompilerABI.cpp.cpp -dumpbase-ext .cpp -mtune=generic -march=x86-64 -version -o /tmp/ccBbH0xP.s]
  ignore line: [GNU C++17 (Gentoo 11.3.0 p4) version 11.3.0 (x86_64-pc-linux-gnu)]
  ignore line: [	compiled by GNU C version 11.3.0  GMP version 6.2.1  MPFR version 4.1.0-p13  MPC version 1.2.1  isl version none]
  ignore line: [GGC heuristics: --param ggc-min-expand=100 --param ggc-min-heapsize=131072]
  ignore line: [ignoring nonexistent directory "/usr/local/include"]
  ignore line: [ignoring nonexistent directory "/usr/lib/gcc/x86_64-pc-linux-gnu/11.3.0/../../../../x86_64-pc-linux-gnu/include"]
  ignore line: [#include "..." search starts here:]
  ignore line: [#include <...> search starts here:]
  ignore line: [ /usr/lib/gcc/x86_64-pc-linux-gnu/11.3.0/include/g++-v11]
  ignore line: [ /usr/lib/gcc/x86_64-pc-linux-gnu/11.3.0/include/g++-v11/x86_64-pc-linux-gnu]
  ignore line: [ /usr/lib/gcc/x86_64-pc-linux-gnu/11.3.0/include/g++-v11/backward]
  ignore line: [ /usr/lib/gcc/x86_64-pc-linux-gnu/11.3.0/include]
  ignore line: [ /usr/lib/gcc/x86_64-pc-linux-gnu/11.3.0/include-fixed]
  ignore line: [ /usr/include]
  ignore line: [End of search list.]
  ignore line: [GNU C++17 (Gentoo 11.3.0 p4) version 11.3.0 (x86_64-pc-linux-gnu)]
  ignore line: [	compiled by GNU C version 11.3.0  GMP version 6.2.1  MPFR version 4.1.0-p13  MPC version 1.2.1  isl version none]
  ignore line: [GGC heuristics: --param ggc-min-expand=100 --param ggc-min-heapsize=131072]
  ignore line: [Compiler executable checksum: 471bca756d7dd94e2f8d205dc5501f36]
  ignore line: [COLLECT_GCC_OPTIONS='-v' '-o' 'CMakeFiles/cmTC_55882.dir/CMakeCXXCompilerABI.cpp.o' '-c' '-shared-libgcc' '-mtune=generic' '-march=x86-64' '-dumpdir' 'CMakeFiles/cmTC_55882.dir/']
  ignore line: [ /usr/lib/gcc/x86_64-pc-linux-gnu/11.3.0/../../../../x86_64-pc-linux-gnu/bin/as -v --64 -o CMakeFiles/cmTC_55882.dir/CMakeCXXCompilerABI.cpp.o /tmp/ccBbH0xP.s]
  ignore line: [GNU assembler version 2.38 (x86_64-pc-linux-gnu) using BFD version (Gentoo 2.38 p4) 2.38]
  ignore line: [COMPILER_PATH=/usr/libexec/gcc/x86_64-pc-linux-gnu/11.3.0/:/usr/libexec/gcc/x86_64-pc-linux-gnu/11.3.0/:/usr/libexec/gcc/x86_64-pc-linux-gnu/:/usr/lib/gcc/x86_64-pc-linux-gnu/11.3.0/:/usr/lib/gcc/x86_64-pc-linux-gnu/:/usr/lib/gcc/x86_64-pc-linux-gnu/11.3.0/../../../../x86_64-pc-linux-gnu/bin/]
  ignore line: [LIBRARY_PATH=/usr/lib/gcc/x86_64-pc-linux-gnu/11.3.0/:/usr/lib/gcc/x86_64-pc-linux-gnu/11.3.0/../../../../lib64/:/lib/../lib64/:/usr/lib/../lib64/:/usr/lib/gcc/x86_64-pc-linux-gnu/11.3.0/../../../../x86_64-pc-linux-gnu/lib/:/usr/lib/gcc/x86_64-pc-linux-gnu/11.3.0/../../../:/lib/:/usr/lib/]
  ignore line: [COLLECT_GCC_OPTIONS='-v' '-o' 'CMakeFiles/cmTC_55882.dir/CMakeCXXCompilerABI.cpp.o' '-c' '-shared-libgcc' '-mtune=generic' '-march=x86-64' '-dumpdir' 'CMakeFiles/cmTC_55882.dir/CMakeCXXCompilerABI.cpp.']
  ignore line: [Linking CXX executable cmTC_55882]
  ignore line: [/usr/bin/cmake -E cmake_link_script CMakeFiles/cmTC_55882.dir/link.txt --verbose=1]
  ignore line: [/usr/bin/c++  -v CMakeFiles/cmTC_55882.dir/CMakeCXXCompilerABI.cpp.o -o cmTC_55882 ]
  ignore line: [Using built-in specs.]
  ignore line: [COLLECT_GCC=/usr/bin/c++]
  ignore line: [COLLECT_LTO_WRAPPER=/usr/libexec/gcc/x86_64-pc-linux-gnu/11.3.0/lto-wrapper]
  ignore line: [Target: x86_64-pc-linux-gnu]
  ignore line: [Configured with: /var/tmp/portage/sys-devel/gcc-11.3.0/work/gcc-11.3.0/configure --host=x86_64-pc-linux-gnu --build=x86_64-pc-linux-gnu --prefix=/usr --bindir=/usr/x86_64-pc-linux-gnu/gcc-bin/11.3.0 --includedir=/usr/lib/gcc/x86_64-pc-linux-gnu/11.3.0/include --datadir=/usr/share/gcc-data/x86_64-pc-linux-gnu/11.3.0 --mandir=/usr/share/gcc-data/x86_64-pc-linux-gnu/11.3.0/man --infodir=/usr/share/gcc-data/x86_64-pc-linux-gnu/11.3.0/info --with-gxx-include-dir=/usr/lib/gcc/x86_64-pc-linux-gnu/11.3.0/include/g++-v11 --with-python-dir=/share/gcc-data/x86_64-pc-linux-gnu/11.3.0/python --enable-languages=c c++ fortran --enable-obsolete --enable-secureplt --disable-werror --with-system-zlib --enable-nls --without-included-gettext --disable-libunwind-exceptions --enable-checking=release --with-bugurl=https://bugs.gentoo.org/ --with-pkgversion='Gentoo 11.3.0 p4' --disable-esp --enable-libstdcxx-time --disable-libstdcxx-pch --enable-shared --enable-threads=posix --enable-__cxa_atexit --enable-clocale=gnu --enable-multilib --with-multilib-list=m32 m64 --disable-fixed-point --enable-targets=all --enable-libgomp --disable-libssp --disable-libada --disable-cet --disable-systemtap --disable-valgrind-annotations --disable-vtable-verify --disable-libvtv --without-zstd --enable-lto --without-isl --enable-default-pie --enable-default-ssp]
  ignore line: [Thread model: posix]
  ignore line: [Supported LTO compression algorithms: zlib]
  ignore line: [gcc version 11.3.0 (Gentoo 11.3.0 p4) ]
  ignore line: [COMPILER_PATH=/usr/libexec/gcc/x86_64-pc-linux-gnu/11.3.0/:/usr/libexec/gcc/x86_64-pc-linux-gnu/11.3.0/:/usr/libexec/gcc/x86_64-pc-linux-gnu/:/usr/lib/gcc/x86_64-pc-linux-gnu/11.3.0/:/usr/lib/gcc/x86_64-pc-linux-gnu/:/usr/lib/gcc/x86_64-pc-linux-gnu/11.3.0/../../../../x86_64-pc-linux-gnu/bin/]
  ignore line: [LIBRARY_PATH=/usr/lib/gcc/x86_64-pc-linux-gnu/11.3.0/:/usr/lib/gcc/x86_64-pc-linux-gnu/11.3.0/../../../../lib64/:/lib/../lib64/:/usr/lib/../lib64/:/usr/lib/gcc/x86_64-pc-linux-gnu/11.3.0/../../../../x86_64-pc-linux-gnu/lib/:/usr/lib/gcc/x86_64-pc-linux-gnu/11.3.0/../../../:/lib/:/usr/lib/]
  ignore line: [COLLECT_GCC_OPTIONS='-v' '-o' 'cmTC_55882' '-shared-libgcc' '-mtune=generic' '-march=x86-64' '-dumpdir' 'cmTC_55882.']
  link line: [ /usr/libexec/gcc/x86_64-pc-linux-gnu/11.3.0/collect2 -plugin /usr/libexec/gcc/x86_64-pc-linux-gnu/11.3.0/liblto_plugin.so -plugin-opt=/usr/libexec/gcc/x86_64-pc-linux-gnu/11.3.0/lto-wrapper -plugin-opt=-fresolution=/tmp/ccBS1m0I.res -plugin-opt=-pass-through=-lgcc_s -plugin-opt=-pass-through=-lgcc -plugin-opt=-pass-through=-lc -plugin-opt=-pass-through=-lgcc_s -plugin-opt=-pass-through=-lgcc --eh-frame-hdr -m elf_x86_64 -dynamic-linker /lib64/ld-linux-x86-64.so.2 -pie -o cmTC_55882 /usr/lib/gcc/x86_64-pc-linux-gnu/11.3.0/../../../../lib64/Scrt1.o /usr/lib/gcc/x86_64-pc-linux-gnu/11.3.0/../../../../lib64/crti.o /usr/lib/gcc/x86_64-pc-linux-gnu/11.3.0/crtbeginS.o -L/usr/lib/gcc/x86_64-pc-linux-gnu/11.3.0 -L/usr/lib/gcc/x86_64-pc-linux-gnu/11.3.0/../../../../lib64 -L/lib/../lib64 -L/usr/lib/../lib64 -L/usr/lib/gcc/x86_64-pc-linux-gnu/11.3.0/../../../../x86_64-pc-linux-gnu/lib -L/usr/lib/gcc/x86_64-pc-linux-gnu/11.3.0/../../.. CMakeFiles/cmTC_55882.dir/CMakeCXXCompilerABI.cpp.o -lstdc++ -lm -lgcc_s -lgcc -lc -lgcc_s -lgcc /usr/lib/gcc/x86_64-pc-linux-gnu/11.3.0/crtendS.o /usr/lib/gcc/x86_64-pc-linux-gnu/11.3.0/../../../../lib64/crtn.o]
    arg [/usr/libexec/gcc/x86_64-pc-linux-gnu/11.3.0/collect2] ==> ignore
    arg [-plugin] ==> ignore
    arg [/usr/libexec/gcc/x86_64-pc-linux-gnu/11.3.0/liblto_plugin.so] ==> ignore
    arg [-plugin-opt=/usr/libexec/gcc/x86_64-pc-linux-gnu/11.3.0/lto-wrapper] ==> ignore
    arg [-plugin-opt=-fresolution=/tmp/ccBS1m0I.res] ==> ignore
    arg [-plugin-opt=-pass-through=-lgcc_s] ==> ignore
    arg [-plugin-opt=-pass-through=-lgcc] ==> ignore
    arg [-plugin-opt=-pass-through=-lc] ==> ignore
    arg [-plugin-opt=-pass-through=-lgcc_s] ==> ignore
    arg [-plugin-opt=-pass-through=-lgcc] ==> ignore
    arg [--eh-frame-hdr] ==> ignore
    arg [-m] ==> ignore
    arg [elf_x86_64] ==> ignore
    arg [-dynamic-linker] ==> ignore
    arg [/lib64/ld-linux-x86-64.so.2] ==> ignore
    arg [-pie] ==> ignore
    arg [-o] ==> ignore
    arg [cmTC_55882] ==> ignore
    arg [/usr/lib/gcc/x86_64-pc-linux-gnu/11.3.0/../../../../lib64/Scrt1.o] ==> obj [/usr/lib/gcc/x86_64-pc-linux-gnu/11.3.0/../../../../lib64/Scrt1.o]
    arg [/usr/lib/gcc/x86_64-pc-linux-gnu/11.3.0/../../../../lib64/crti.o] ==> obj [/usr/lib/gcc/x86_64-pc-linux-gnu/11.3.0/../../../../lib64/crti.o]
    arg [/usr/lib/gcc/x86_64-pc-linux-gnu/11.3.0/crtbeginS.o] ==> obj [/usr/lib/gcc/x86_64-pc-linux-gnu/11.3.0/crtbeginS.o]
    arg [-L/usr/lib/gcc/x86_64-pc-linux-gnu/11.3.0] ==> dir [/usr/lib/gcc/x86_64-pc-linux-gnu/11.3.0]
    arg [-L/usr/lib/gcc/x86_64-pc-linux-gnu/11.3.0/../../../../lib64] ==> dir [/usr/lib/gcc/x86_64-pc-linux-gnu/11.3.0/../../../../lib64]
    arg [-L/lib/../lib64] ==> dir [/lib/../lib64]
    arg [-L/usr/lib/../lib64] ==> dir [/usr/lib/../lib64]
    arg [-L/usr/lib/gcc/x86_64-pc-linux-gnu/11.3.0/../../../../x86_64-pc-linux-gnu/lib] ==> dir [/usr/lib/gcc/x86_64-pc-linux-gnu/11.3.0/../../../../x86_64-pc-linux-gnu/lib]
    arg [-L/usr/lib/gcc/x86_64-pc-linux-gnu/11.3.0/../../..] ==> dir [/usr/lib/gcc/x86_64-pc-linux-gnu/11.3.0/../../..]
    arg [CMakeFiles/cmTC_55882.dir/CMakeCXXCompilerABI.cpp.o] ==> ignore
    arg [-lstdc++] ==> lib [stdc++]
    arg [-lm] ==> lib [m]
    arg [-lgcc_s] ==> lib [gcc_s]
    arg [-lgcc] ==> lib [gcc]
    arg [-lc] ==> lib [c]
    arg [-lgcc_s] ==> lib [gcc_s]
    arg [-lgcc] ==> lib [gcc]
    arg [/usr/lib/gcc/x86_64-pc-linux-gnu/11.3.0/crtendS.o] ==> obj [/usr/lib/gcc/x86_64-pc-linux-gnu/11.3.0/crtendS.o]
    arg [/usr/lib/gcc/x86_64-pc-linux-gnu/11.3.0/../../../../lib64/crtn.o] ==> obj [/usr/lib/gcc/x86_64-pc-linux-gnu/11.3.0/../../../../lib64/crtn.o]
  collapse obj [/usr/lib/gcc/x86_64-pc-linux-gnu/11.3.0/../../../../lib64/Scrt1.o] ==> [/usr/lib64/Scrt1.o]
  collapse obj [/usr/lib/gcc/x86_64-pc-linux-gnu/11.3.0/../../../../lib64/crti.o] ==> [/usr/lib64/crti.o]
  collapse obj [/usr/lib/gcc/x86_64-pc-linux-gnu/11.3.0/../../../../lib64/crtn.o] ==> [/usr/lib64/crtn.o]
  collapse library dir [/usr/lib/gcc/x86_64-pc-linux-gnu/11.3.0] ==> [/usr/lib/gcc/x86_64-pc-linux-gnu/11.3.0]
  collapse library dir [/usr/lib/gcc/x86_64-pc-linux-gnu/11.3.0/../../../../lib64] ==> [/usr/lib64]
  collapse library dir [/lib/../lib64] ==> [/lib64]
  collapse library dir [/usr/lib/../lib64] ==> [/usr/lib64]
  collapse library dir [/usr/lib/gcc/x86_64-pc-linux-gnu/11.3.0/../../../../x86_64-pc-linux-gnu/lib] ==> [/usr/x86_64-pc-linux-gnu/lib]
  collapse library dir [/usr/lib/gcc/x86_64-pc-linux-gnu/11.3.0/../../..] ==> [/usr/lib]
  implicit libs: [stdc++;m;gcc_s;gcc;c;gcc_s;gcc]
  implicit objs: [/usr/lib64/Scrt1.o;/usr/lib64/crti.o;/usr/lib/gcc/x86_64-pc-linux-gnu/11.3.0/crtbeginS.o;/usr/lib/gcc/x86_64-pc-linux-gnu/11.3.0/crtendS.o;/usr/lib64/crtn.o]
  implicit dirs: [/usr/lib/gcc/x86_64-pc-linux-gnu/11.3.0;/usr/lib64;/lib64;/usr/x86_64-pc-linux-gnu/lib;/usr/lib]
  implicit fwks: []


